[2025-12-02T22:26:10.492+0000] {local_task_job_runner.py:123} INFO - ::group::Pre task execution logs
[2025-12-02T22:26:10.498+0000] {taskinstance.py:2612} INFO - Dependencies all met for dep_context=non-requeueable deps ti=<TaskInstance: elt_dbt_downstream.dbt_test_downstream manual__2025-12-02T22:23:12.670051+00:00 [queued]>
[2025-12-02T22:26:10.501+0000] {taskinstance.py:2612} INFO - Dependencies all met for dep_context=requeueable deps ti=<TaskInstance: elt_dbt_downstream.dbt_test_downstream manual__2025-12-02T22:23:12.670051+00:00 [queued]>
[2025-12-02T22:26:10.501+0000] {taskinstance.py:2865} INFO - Starting attempt 1 of 2
[2025-12-02T22:26:10.505+0000] {taskinstance.py:2888} INFO - Executing <Task(BashOperator): dbt_test_downstream> on 2025-12-02 22:23:12.670051+00:00
[2025-12-02T22:26:10.508+0000] {standard_task_runner.py:104} INFO - Running: ['***', 'tasks', 'run', 'elt_dbt_downstream', 'dbt_test_downstream', 'manual__2025-12-02T22:23:12.670051+00:00', '--job-id', '135', '--raw', '--subdir', 'DAGS_FOLDER/elt_dbt_downstream.py', '--cfg-path', '/tmp/tmpq0y_tps0']
[2025-12-02T22:26:10.510+0000] {standard_task_runner.py:105} INFO - Job 135: Subtask dbt_test_downstream
[2025-12-02T22:26:10.509+0000] {logging_mixin.py:190} WARNING - /home/***/.local/lib/python3.12/site-packages/***/task/task_runner/standard_task_runner.py:70 DeprecationWarning: This process (pid=572) is multi-threaded, use of fork() may lead to deadlocks in the child.
[2025-12-02T22:26:10.510+0000] {standard_task_runner.py:72} INFO - Started process 573 to run task
[2025-12-02T22:26:10.525+0000] {task_command.py:467} INFO - Running <TaskInstance: elt_dbt_downstream.dbt_test_downstream manual__2025-12-02T22:23:12.670051+00:00 [running]> on host 7687cf4a9cf6
[2025-12-02T22:26:10.551+0000] {taskinstance.py:3131} INFO - Exporting env vars: AIRFLOW_CTX_DAG_OWNER='***' AIRFLOW_CTX_DAG_ID='elt_dbt_downstream' AIRFLOW_CTX_TASK_ID='dbt_test_downstream' AIRFLOW_CTX_EXECUTION_DATE='2025-12-02T22:23:12.670051+00:00' AIRFLOW_CTX_TRY_NUMBER='1' AIRFLOW_CTX_DAG_RUN_ID='manual__2025-12-02T22:23:12.670051+00:00'
[2025-12-02T22:26:10.551+0000] {taskinstance.py:731} INFO - ::endgroup::
[2025-12-02T22:26:10.556+0000] {subprocess.py:63} INFO - Tmp dir root location: /tmp
[2025-12-02T22:26:10.557+0000] {subprocess.py:75} INFO - Running command: ['/usr/bin/bash', '-c', 'set -euo pipefail;cd /opt/***/dbt/stock_analytics && dbt test --select mart_forecast_combined mart_risk_reward_scatter mart_market_regime --profiles-dir /opt/***/dbt']
[2025-12-02T22:26:10.560+0000] {subprocess.py:86} INFO - Output:
[2025-12-02T22:26:11.445+0000] {subprocess.py:93} INFO - [0m22:26:11  Running with dbt=1.11.0-rc1
[2025-12-02T22:26:11.610+0000] {subprocess.py:93} INFO - [0m22:26:11  Registered adapter: snowflake=1.10.3
[2025-12-02T22:26:11.833+0000] {subprocess.py:93} INFO - [0m22:26:11  Found 6 models, 30 data tests, 1 seed, 2 sources, 504 macros
[2025-12-02T22:26:11.834+0000] {subprocess.py:93} INFO - [0m22:26:11
[2025-12-02T22:26:11.835+0000] {subprocess.py:93} INFO - [0m22:26:11  Concurrency: 4 threads (target='dev')
[2025-12-02T22:26:11.835+0000] {subprocess.py:93} INFO - [0m22:26:11
[2025-12-02T22:26:12.407+0000] {subprocess.py:93} INFO - [0m22:26:12  1 of 16 START test accepted_values_mart_forecast_combined_type__history__forecast  [RUN]
[2025-12-02T22:26:12.408+0000] {subprocess.py:93} INFO - [0m22:26:12  2 of 16 START test accepted_values_mart_risk_reward_scatter_investment_type__Safety_Buy___Momentum_Ride___Toxic_Sell___Stagnant_Avoid___Benchmark  [RUN]
[2025-12-02T22:26:12.409+0000] {subprocess.py:93} INFO - [0m22:26:12  3 of 16 START test not_null_mart_forecast_combined_date ........................ [RUN]
[2025-12-02T22:26:12.410+0000] {subprocess.py:93} INFO - [0m22:26:12  4 of 16 START test not_null_mart_forecast_combined_sector_name ................. [RUN]
[2025-12-02T22:26:12.788+0000] {subprocess.py:93} INFO - [0m22:26:12  3 of 16 PASS not_null_mart_forecast_combined_date .............................. [[32mPASS[0m in 0.38s]
[2025-12-02T22:26:12.790+0000] {subprocess.py:93} INFO - [0m22:26:12  4 of 16 PASS not_null_mart_forecast_combined_sector_name ....................... [[32mPASS[0m in 0.38s]
[2025-12-02T22:26:12.792+0000] {subprocess.py:93} INFO - [0m22:26:12  2 of 16 PASS accepted_values_mart_risk_reward_scatter_investment_type__Safety_Buy___Momentum_Ride___Toxic_Sell___Stagnant_Avoid___Benchmark  [[32mPASS[0m in 0.38s]
[2025-12-02T22:26:12.794+0000] {subprocess.py:93} INFO - [0m22:26:12  1 of 16 PASS accepted_values_mart_forecast_combined_type__history__forecast .... [[32mPASS[0m in 0.38s]
[2025-12-02T22:26:12.796+0000] {subprocess.py:93} INFO - [0m22:26:12  5 of 16 START test not_null_mart_forecast_combined_symbol ...................... [RUN]
[2025-12-02T22:26:12.797+0000] {subprocess.py:93} INFO - [0m22:26:12  6 of 16 START test not_null_mart_forecast_combined_type ........................ [RUN]
[2025-12-02T22:26:12.798+0000] {subprocess.py:93} INFO - [0m22:26:12  7 of 16 START test not_null_mart_market_regime_date ............................ [RUN]
[2025-12-02T22:26:12.798+0000] {subprocess.py:93} INFO - [0m22:26:12  8 of 16 START test not_null_mart_market_regime_tech_bubble_ratio ............... [RUN]
[2025-12-02T22:26:12.920+0000] {subprocess.py:93} INFO - [0m22:26:12  5 of 16 PASS not_null_mart_forecast_combined_symbol ............................ [[32mPASS[0m in 0.12s]
[2025-12-02T22:26:12.921+0000] {subprocess.py:93} INFO - [0m22:26:12  9 of 16 START test not_null_mart_risk_reward_scatter_avg_risk_beta ............. [RUN]
[2025-12-02T22:26:12.990+0000] {subprocess.py:93} INFO - [0m22:26:12  6 of 16 PASS not_null_mart_forecast_combined_type .............................. [[32mPASS[0m in 0.19s]
[2025-12-02T22:26:12.991+0000] {subprocess.py:93} INFO - [0m22:26:12  10 of 16 START test not_null_mart_risk_reward_scatter_investment_type .......... [RUN]
[2025-12-02T22:26:13.042+0000] {subprocess.py:93} INFO - [0m22:26:13  7 of 16 PASS not_null_mart_market_regime_date .................................. [[32mPASS[0m in 0.24s]
[2025-12-02T22:26:13.043+0000] {subprocess.py:93} INFO - [0m22:26:13  11 of 16 START test not_null_mart_risk_reward_scatter_sector_name .............. [RUN]
[2025-12-02T22:26:13.068+0000] {subprocess.py:93} INFO - [0m22:26:13  8 of 16 FAIL 1 not_null_mart_market_regime_tech_bubble_ratio ................... [[31mFAIL 1[0m in 0.27s]
[2025-12-02T22:26:13.069+0000] {subprocess.py:93} INFO - [0m22:26:13  12 of 16 START test not_null_mart_risk_reward_scatter_symbol ................... [RUN]
[2025-12-02T22:26:13.100+0000] {subprocess.py:93} INFO - [0m22:26:13  9 of 16 PASS not_null_mart_risk_reward_scatter_avg_risk_beta ................... [[32mPASS[0m in 0.18s]
[2025-12-02T22:26:13.101+0000] {subprocess.py:93} INFO - [0m22:26:13  13 of 16 START test not_null_mart_risk_reward_scatter_total_return_pct ......... [RUN]
[2025-12-02T22:26:13.184+0000] {subprocess.py:93} INFO - [0m22:26:13  10 of 16 PASS not_null_mart_risk_reward_scatter_investment_type ................ [[32mPASS[0m in 0.19s]
[2025-12-02T22:26:13.186+0000] {subprocess.py:93} INFO - [0m22:26:13  14 of 16 START test unique_mart_forecast_combined__symbol_date_ ................ [RUN]
[2025-12-02T22:26:13.225+0000] {subprocess.py:93} INFO - [0m22:26:13  13 of 16 PASS not_null_mart_risk_reward_scatter_total_return_pct ............... [[32mPASS[0m in 0.12s]
[2025-12-02T22:26:13.227+0000] {subprocess.py:93} INFO - [0m22:26:13  15 of 16 START test unique_mart_market_regime_date ............................. [RUN]
[2025-12-02T22:26:13.248+0000] {subprocess.py:93} INFO - [0m22:26:13  12 of 16 PASS not_null_mart_risk_reward_scatter_symbol ......................... [[32mPASS[0m in 0.18s]
[2025-12-02T22:26:13.250+0000] {subprocess.py:93} INFO - [0m22:26:13  11 of 16 PASS not_null_mart_risk_reward_scatter_sector_name .................... [[32mPASS[0m in 0.21s]
[2025-12-02T22:26:13.252+0000] {subprocess.py:93} INFO - [0m22:26:13  16 of 16 START test unique_mart_risk_reward_scatter_symbol ..................... [RUN]
[2025-12-02T22:26:13.383+0000] {subprocess.py:93} INFO - [0m22:26:13  14 of 16 PASS unique_mart_forecast_combined__symbol_date_ ...................... [[32mPASS[0m in 0.20s]
[2025-12-02T22:26:13.392+0000] {subprocess.py:93} INFO - [0m22:26:13  16 of 16 PASS unique_mart_risk_reward_scatter_symbol ........................... [[32mPASS[0m in 0.14s]
[2025-12-02T22:26:13.427+0000] {subprocess.py:93} INFO - [0m22:26:13  15 of 16 PASS unique_mart_market_regime_date ................................... [[32mPASS[0m in 0.20s]
[2025-12-02T22:26:14.952+0000] {subprocess.py:93} INFO - [0m22:26:14
[2025-12-02T22:26:14.953+0000] {subprocess.py:93} INFO - [0m22:26:14  Finished running 16 data tests in 0 hours 0 minutes and 3.12 seconds (3.12s).
[2025-12-02T22:26:14.991+0000] {subprocess.py:93} INFO - [0m22:26:14
[2025-12-02T22:26:14.992+0000] {subprocess.py:93} INFO - [0m22:26:14  [31mCompleted with 1 error, 0 partial successes, and 0 warnings:[0m
[2025-12-02T22:26:14.992+0000] {subprocess.py:93} INFO - [0m22:26:14
[2025-12-02T22:26:14.992+0000] {subprocess.py:93} INFO - [0m22:26:14  [31mFailure in test not_null_mart_market_regime_tech_bubble_ratio (models/marts/mart_market_regime.yml)[0m
[2025-12-02T22:26:14.992+0000] {subprocess.py:93} INFO - [0m22:26:14    Got 1 result, configured to fail if != 0
[2025-12-02T22:26:14.992+0000] {subprocess.py:93} INFO - [0m22:26:14
[2025-12-02T22:26:14.992+0000] {subprocess.py:93} INFO - [0m22:26:14    compiled code at target/compiled/stock_analytics/models/marts/mart_market_regime.yml/not_null_mart_market_regime_tech_bubble_ratio.sql
[2025-12-02T22:26:14.993+0000] {subprocess.py:93} INFO - [0m22:26:14
[2025-12-02T22:26:14.993+0000] {subprocess.py:93} INFO - [0m22:26:14  Done. PASS=15 WARN=0 ERROR=1 SKIP=0 NO-OP=0 TOTAL=16
[2025-12-02T22:26:15.524+0000] {subprocess.py:97} INFO - Command exited with return code 1
[2025-12-02T22:26:15.529+0000] {taskinstance.py:3310} ERROR - Task failed with exception
Traceback (most recent call last):
  File "/home/airflow/.local/lib/python3.12/site-packages/airflow/models/taskinstance.py", line 767, in _execute_task
    result = _execute_callable(context=context, **execute_callable_kwargs)
             ^^^^^^^^^^^^^^^^^^^^^^^^^^^^^^^^^^^^^^^^^^^^^^^^^^^^^^^^^^^^^
  File "/home/airflow/.local/lib/python3.12/site-packages/airflow/models/taskinstance.py", line 733, in _execute_callable
    return ExecutionCallableRunner(
           ^^^^^^^^^^^^^^^^^^^^^^^^
  File "/home/airflow/.local/lib/python3.12/site-packages/airflow/utils/operator_helpers.py", line 252, in run
    return self.func(*args, **kwargs)
           ^^^^^^^^^^^^^^^^^^^^^^^^^^
  File "/home/airflow/.local/lib/python3.12/site-packages/airflow/models/baseoperator.py", line 406, in wrapper
    return func(self, *args, **kwargs)
           ^^^^^^^^^^^^^^^^^^^^^^^^^^^
  File "/home/airflow/.local/lib/python3.12/site-packages/airflow/operators/bash.py", line 249, in execute
    raise AirflowException(
airflow.exceptions.AirflowException: Bash command failed. The command returned a non-zero exit code 1.
[2025-12-02T22:26:15.532+0000] {taskinstance.py:1225} INFO - Marking task as UP_FOR_RETRY. dag_id=elt_dbt_downstream, task_id=dbt_test_downstream, run_id=manual__2025-12-02T22:23:12.670051+00:00, execution_date=20251202T222312, start_date=20251202T222610, end_date=20251202T222615
[2025-12-02T22:26:15.538+0000] {taskinstance.py:340} INFO - ::group::Post task execution logs
[2025-12-02T22:26:15.539+0000] {standard_task_runner.py:124} ERROR - Failed to execute job 135 for task dbt_test_downstream (Bash command failed. The command returned a non-zero exit code 1.; 573)
Traceback (most recent call last):
  File "/home/airflow/.local/lib/python3.12/site-packages/airflow/task/task_runner/standard_task_runner.py", line 117, in _start_by_fork
    ret = args.func(args, dag=self.dag)
          ^^^^^^^^^^^^^^^^^^^^^^^^^^^^^
  File "/home/airflow/.local/lib/python3.12/site-packages/airflow/cli/cli_config.py", line 49, in command
    return func(*args, **kwargs)
           ^^^^^^^^^^^^^^^^^^^^^
  File "/home/airflow/.local/lib/python3.12/site-packages/airflow/utils/cli.py", line 115, in wrapper
    return f(*args, **kwargs)
           ^^^^^^^^^^^^^^^^^^
  File "/home/airflow/.local/lib/python3.12/site-packages/airflow/cli/commands/task_command.py", line 483, in task_run
    task_return_code = _run_task_by_selected_method(args, _dag, ti)
                       ^^^^^^^^^^^^^^^^^^^^^^^^^^^^^^^^^^^^^^^^^^^^
  File "/home/airflow/.local/lib/python3.12/site-packages/airflow/cli/commands/task_command.py", line 256, in _run_task_by_selected_method
    return _run_raw_task(args, ti)
           ^^^^^^^^^^^^^^^^^^^^^^^
  File "/home/airflow/.local/lib/python3.12/site-packages/airflow/cli/commands/task_command.py", line 341, in _run_raw_task
    return ti._run_raw_task(
           ^^^^^^^^^^^^^^^^^
  File "/home/airflow/.local/lib/python3.12/site-packages/airflow/utils/session.py", line 97, in wrapper
    return func(*args, session=session, **kwargs)
           ^^^^^^^^^^^^^^^^^^^^^^^^^^^^^^^^^^^^^^
  File "/home/airflow/.local/lib/python3.12/site-packages/airflow/models/taskinstance.py", line 3004, in _run_raw_task
    return _run_raw_task(
           ^^^^^^^^^^^^^^
  File "/home/airflow/.local/lib/python3.12/site-packages/airflow/models/taskinstance.py", line 273, in _run_raw_task
    TaskInstance._execute_task_with_callbacks(
  File "/home/airflow/.local/lib/python3.12/site-packages/airflow/models/taskinstance.py", line 3158, in _execute_task_with_callbacks
    result = self._execute_task(context, task_orig)
             ^^^^^^^^^^^^^^^^^^^^^^^^^^^^^^^^^^^^^^
  File "/home/airflow/.local/lib/python3.12/site-packages/airflow/models/taskinstance.py", line 3182, in _execute_task
    return _execute_task(self, context, task_orig)
           ^^^^^^^^^^^^^^^^^^^^^^^^^^^^^^^^^^^^^^^
  File "/home/airflow/.local/lib/python3.12/site-packages/airflow/models/taskinstance.py", line 767, in _execute_task
    result = _execute_callable(context=context, **execute_callable_kwargs)
             ^^^^^^^^^^^^^^^^^^^^^^^^^^^^^^^^^^^^^^^^^^^^^^^^^^^^^^^^^^^^^
  File "/home/airflow/.local/lib/python3.12/site-packages/airflow/models/taskinstance.py", line 733, in _execute_callable
    return ExecutionCallableRunner(
           ^^^^^^^^^^^^^^^^^^^^^^^^
  File "/home/airflow/.local/lib/python3.12/site-packages/airflow/utils/operator_helpers.py", line 252, in run
    return self.func(*args, **kwargs)
           ^^^^^^^^^^^^^^^^^^^^^^^^^^
  File "/home/airflow/.local/lib/python3.12/site-packages/airflow/models/baseoperator.py", line 406, in wrapper
    return func(self, *args, **kwargs)
           ^^^^^^^^^^^^^^^^^^^^^^^^^^^
  File "/home/airflow/.local/lib/python3.12/site-packages/airflow/operators/bash.py", line 249, in execute
    raise AirflowException(
airflow.exceptions.AirflowException: Bash command failed. The command returned a non-zero exit code 1.
[2025-12-02T22:26:15.546+0000] {local_task_job_runner.py:266} INFO - Task exited with return code 1
[2025-12-02T22:26:15.551+0000] {taskinstance.py:3900} INFO - 0 downstream tasks scheduled from follow-on schedule check
[2025-12-02T22:26:15.551+0000] {local_task_job_runner.py:245} INFO - ::endgroup::
