[2025-12-06T06:32:58.825+0000] {local_task_job_runner.py:123} INFO - ::group::Pre task execution logs
[2025-12-06T06:32:58.832+0000] {taskinstance.py:2612} INFO - Dependencies all met for dep_context=non-requeueable deps ti=<TaskInstance: elt_dbt_downstream.dbt_test_downstream manual__2025-12-06T06:04:36.464424+00:00 [queued]>
[2025-12-06T06:32:58.835+0000] {taskinstance.py:2612} INFO - Dependencies all met for dep_context=requeueable deps ti=<TaskInstance: elt_dbt_downstream.dbt_test_downstream manual__2025-12-06T06:04:36.464424+00:00 [queued]>
[2025-12-06T06:32:58.835+0000] {taskinstance.py:2865} INFO - Starting attempt 2 of 2
[2025-12-06T06:32:58.843+0000] {taskinstance.py:2888} INFO - Executing <Task(BashOperator): dbt_test_downstream> on 2025-12-06 06:04:36.464424+00:00
[2025-12-06T06:32:58.848+0000] {logging_mixin.py:190} WARNING - /home/***/.local/lib/python3.12/site-packages/***/task/task_runner/standard_task_runner.py:70 DeprecationWarning: This process (pid=24987) is multi-threaded, use of fork() may lead to deadlocks in the child.
[2025-12-06T06:32:58.847+0000] {standard_task_runner.py:104} INFO - Running: ['***', 'tasks', 'run', 'elt_dbt_downstream', 'dbt_test_downstream', 'manual__2025-12-06T06:04:36.464424+00:00', '--job-id', '356', '--raw', '--subdir', 'DAGS_FOLDER/elt_dbt_downstream.py', '--cfg-path', '/tmp/tmpyucw4txr']
[2025-12-06T06:32:58.849+0000] {standard_task_runner.py:105} INFO - Job 356: Subtask dbt_test_downstream
[2025-12-06T06:32:58.849+0000] {standard_task_runner.py:72} INFO - Started process 24988 to run task
[2025-12-06T06:32:58.874+0000] {task_command.py:467} INFO - Running <TaskInstance: elt_dbt_downstream.dbt_test_downstream manual__2025-12-06T06:04:36.464424+00:00 [running]> on host 7c17d7f5e8b7
[2025-12-06T06:32:58.913+0000] {taskinstance.py:3131} INFO - Exporting env vars: AIRFLOW_CTX_DAG_OWNER='***' AIRFLOW_CTX_DAG_ID='elt_dbt_downstream' AIRFLOW_CTX_TASK_ID='dbt_test_downstream' AIRFLOW_CTX_EXECUTION_DATE='2025-12-06T06:04:36.464424+00:00' AIRFLOW_CTX_TRY_NUMBER='2' AIRFLOW_CTX_DAG_RUN_ID='manual__2025-12-06T06:04:36.464424+00:00'
[2025-12-06T06:32:58.914+0000] {taskinstance.py:731} INFO - ::endgroup::
[2025-12-06T06:32:58.924+0000] {subprocess.py:63} INFO - Tmp dir root location: /tmp
[2025-12-06T06:32:58.927+0000] {subprocess.py:75} INFO - Running command: ['/usr/bin/bash', '-c', 'set -euo pipefail;cd /opt/***/dbt/stock_analytics && dbt test --select mart_forecast_combined mart_risk_reward_scatter mart_market_regime --profiles-dir /opt/***/dbt']
[2025-12-06T06:32:58.931+0000] {subprocess.py:86} INFO - Output:
[2025-12-06T06:32:59.863+0000] {subprocess.py:93} INFO - [0m06:32:59  Running with dbt=1.11.0-rc1
[2025-12-06T06:33:00.047+0000] {subprocess.py:93} INFO - [0m06:33:00  Registered adapter: snowflake=1.10.3
[2025-12-06T06:33:00.293+0000] {subprocess.py:93} INFO - [0m06:33:00  Found 6 models, 30 data tests, 1 seed, 2 sources, 504 macros
[2025-12-06T06:33:00.295+0000] {subprocess.py:93} INFO - [0m06:33:00
[2025-12-06T06:33:00.295+0000] {subprocess.py:93} INFO - [0m06:33:00  Concurrency: 4 threads (target='dev')
[2025-12-06T06:33:00.295+0000] {subprocess.py:93} INFO - [0m06:33:00
[2025-12-06T06:33:01.005+0000] {subprocess.py:93} INFO - [0m06:33:01  1 of 16 START test accepted_values_mart_forecast_combined_type__history__forecast  [RUN]
[2025-12-06T06:33:01.006+0000] {subprocess.py:93} INFO - [0m06:33:01  2 of 16 START test accepted_values_mart_risk_reward_scatter_investment_type__Safety_Buy___Momentum_Ride___Toxic_Sell___Stagnant_Avoid___Benchmark  [RUN]
[2025-12-06T06:33:01.007+0000] {subprocess.py:93} INFO - [0m06:33:01  3 of 16 START test not_null_mart_forecast_combined_date ........................ [RUN]
[2025-12-06T06:33:01.007+0000] {subprocess.py:93} INFO - [0m06:33:01  4 of 16 START test not_null_mart_forecast_combined_sector_name ................. [RUN]
[2025-12-06T06:33:01.151+0000] {subprocess.py:93} INFO - [0m06:33:01  4 of 16 PASS not_null_mart_forecast_combined_sector_name ....................... [[32mPASS[0m in 0.14s]
[2025-12-06T06:33:01.153+0000] {subprocess.py:93} INFO - [0m06:33:01  3 of 16 PASS not_null_mart_forecast_combined_date .............................. [[32mPASS[0m in 0.15s]
[2025-12-06T06:33:01.156+0000] {subprocess.py:93} INFO - [0m06:33:01  1 of 16 PASS accepted_values_mart_forecast_combined_type__history__forecast .... [[32mPASS[0m in 0.15s]
[2025-12-06T06:33:01.157+0000] {subprocess.py:93} INFO - [0m06:33:01  5 of 16 START test not_null_mart_forecast_combined_symbol ...................... [RUN]
[2025-12-06T06:33:01.158+0000] {subprocess.py:93} INFO - [0m06:33:01  6 of 16 START test not_null_mart_forecast_combined_type ........................ [RUN]
[2025-12-06T06:33:01.159+0000] {subprocess.py:93} INFO - [0m06:33:01  7 of 16 START test not_null_mart_market_regime_date ............................ [RUN]
[2025-12-06T06:33:01.286+0000] {subprocess.py:93} INFO - [0m06:33:01  6 of 16 PASS not_null_mart_forecast_combined_type .............................. [[32mPASS[0m in 0.13s]
[2025-12-06T06:33:01.286+0000] {subprocess.py:93} INFO - [0m06:33:01  8 of 16 START test not_null_mart_market_regime_tech_bubble_ratio ............... [RUN]
[2025-12-06T06:33:01.343+0000] {subprocess.py:93} INFO - [0m06:33:01  5 of 16 PASS not_null_mart_forecast_combined_symbol ............................ [[32mPASS[0m in 0.18s]
[2025-12-06T06:33:01.344+0000] {subprocess.py:93} INFO - [0m06:33:01  9 of 16 START test not_null_mart_risk_reward_scatter_avg_risk_beta ............. [RUN]
[2025-12-06T06:33:01.388+0000] {subprocess.py:93} INFO - [0m06:33:01  8 of 16 PASS not_null_mart_market_regime_tech_bubble_ratio ..................... [[32mPASS[0m in 0.10s]
[2025-12-06T06:33:01.389+0000] {subprocess.py:93} INFO - [0m06:33:01  10 of 16 START test not_null_mart_risk_reward_scatter_date ..................... [RUN]
[2025-12-06T06:33:01.499+0000] {subprocess.py:93} INFO - [0m06:33:01  7 of 16 PASS not_null_mart_market_regime_date .................................. [[32mPASS[0m in 0.34s]
[2025-12-06T06:33:01.502+0000] {subprocess.py:93} INFO - [0m06:33:01  2 of 16 PASS accepted_values_mart_risk_reward_scatter_investment_type__Safety_Buy___Momentum_Ride___Toxic_Sell___Stagnant_Avoid___Benchmark  [[32mPASS[0m in 0.49s]
[2025-12-06T06:33:01.503+0000] {subprocess.py:93} INFO - [0m06:33:01  11 of 16 START test not_null_mart_risk_reward_scatter_investment_type .......... [RUN]
[2025-12-06T06:33:01.504+0000] {subprocess.py:93} INFO - [0m06:33:01  12 of 16 START test not_null_mart_risk_reward_scatter_sector_name .............. [RUN]
[2025-12-06T06:33:01.532+0000] {subprocess.py:93} INFO - [0m06:33:01  10 of 16 PASS not_null_mart_risk_reward_scatter_date ........................... [[32mPASS[0m in 0.14s]
[2025-12-06T06:33:01.533+0000] {subprocess.py:93} INFO - [0m06:33:01  13 of 16 START test not_null_mart_risk_reward_scatter_symbol ................... [RUN]
[2025-12-06T06:33:01.537+0000] {subprocess.py:93} INFO - [0m06:33:01  9 of 16 PASS not_null_mart_risk_reward_scatter_avg_risk_beta ................... [[32mPASS[0m in 0.19s]
[2025-12-06T06:33:01.548+0000] {subprocess.py:93} INFO - [0m06:33:01  14 of 16 START test not_null_mart_risk_reward_scatter_total_return_pct ......... [RUN]
[2025-12-06T06:33:01.615+0000] {subprocess.py:93} INFO - [0m06:33:01  11 of 16 PASS not_null_mart_risk_reward_scatter_investment_type ................ [[32mPASS[0m in 0.11s]
[2025-12-06T06:33:01.616+0000] {subprocess.py:93} INFO - [0m06:33:01  15 of 16 START test unique_mart_forecast_combined__symbol_date_ ................ [RUN]
[2025-12-06T06:33:01.653+0000] {subprocess.py:93} INFO - [0m06:33:01  12 of 16 FAIL 2110 not_null_mart_risk_reward_scatter_sector_name ............... [[31mFAIL 2110[0m in 0.15s]
[2025-12-06T06:33:01.654+0000] {subprocess.py:93} INFO - [0m06:33:01  16 of 16 START test unique_mart_market_regime_date ............................. [RUN]
[2025-12-06T06:33:01.685+0000] {subprocess.py:93} INFO - [0m06:33:01  14 of 16 PASS not_null_mart_risk_reward_scatter_total_return_pct ............... [[32mPASS[0m in 0.14s]
[2025-12-06T06:33:01.691+0000] {subprocess.py:93} INFO - [0m06:33:01  13 of 16 PASS not_null_mart_risk_reward_scatter_symbol ......................... [[32mPASS[0m in 0.16s]
[2025-12-06T06:33:01.733+0000] {subprocess.py:93} INFO - [0m06:33:01  15 of 16 PASS unique_mart_forecast_combined__symbol_date_ ...................... [[32mPASS[0m in 0.12s]
[2025-12-06T06:33:01.745+0000] {subprocess.py:93} INFO - [0m06:33:01  16 of 16 PASS unique_mart_market_regime_date ................................... [[32mPASS[0m in 0.09s]
[2025-12-06T06:33:02.217+0000] {subprocess.py:93} INFO - [0m06:33:02
[2025-12-06T06:33:02.218+0000] {subprocess.py:93} INFO - [0m06:33:02  Finished running 16 data tests in 0 hours 0 minutes and 1.92 seconds (1.92s).
[2025-12-06T06:33:02.265+0000] {subprocess.py:93} INFO - [0m06:33:02
[2025-12-06T06:33:02.266+0000] {subprocess.py:93} INFO - [0m06:33:02  [31mCompleted with 1 error, 0 partial successes, and 0 warnings:[0m
[2025-12-06T06:33:02.266+0000] {subprocess.py:93} INFO - [0m06:33:02
[2025-12-06T06:33:02.266+0000] {subprocess.py:93} INFO - [0m06:33:02  [31mFailure in test not_null_mart_risk_reward_scatter_sector_name (models/marts/mart_risk_reward_scatter.yml)[0m
[2025-12-06T06:33:02.267+0000] {subprocess.py:93} INFO - [0m06:33:02    Got 2110 results, configured to fail if != 0
[2025-12-06T06:33:02.267+0000] {subprocess.py:93} INFO - [0m06:33:02
[2025-12-06T06:33:02.267+0000] {subprocess.py:93} INFO - [0m06:33:02    compiled code at target/compiled/stock_analytics/models/marts/mart_risk_reward_scatter.yml/not_null_mart_risk_reward_scatter_sector_name.sql
[2025-12-06T06:33:02.267+0000] {subprocess.py:93} INFO - [0m06:33:02
[2025-12-06T06:33:02.267+0000] {subprocess.py:93} INFO - [0m06:33:02  Done. PASS=15 WARN=0 ERROR=1 SKIP=0 NO-OP=0 TOTAL=16
[2025-12-06T06:33:02.913+0000] {subprocess.py:97} INFO - Command exited with return code 1
[2025-12-06T06:33:02.922+0000] {taskinstance.py:3310} ERROR - Task failed with exception
Traceback (most recent call last):
  File "/home/airflow/.local/lib/python3.12/site-packages/airflow/models/taskinstance.py", line 767, in _execute_task
    result = _execute_callable(context=context, **execute_callable_kwargs)
             ^^^^^^^^^^^^^^^^^^^^^^^^^^^^^^^^^^^^^^^^^^^^^^^^^^^^^^^^^^^^^
  File "/home/airflow/.local/lib/python3.12/site-packages/airflow/models/taskinstance.py", line 733, in _execute_callable
    return ExecutionCallableRunner(
           ^^^^^^^^^^^^^^^^^^^^^^^^
  File "/home/airflow/.local/lib/python3.12/site-packages/airflow/utils/operator_helpers.py", line 252, in run
    return self.func(*args, **kwargs)
           ^^^^^^^^^^^^^^^^^^^^^^^^^^
  File "/home/airflow/.local/lib/python3.12/site-packages/airflow/models/baseoperator.py", line 406, in wrapper
    return func(self, *args, **kwargs)
           ^^^^^^^^^^^^^^^^^^^^^^^^^^^
  File "/home/airflow/.local/lib/python3.12/site-packages/airflow/operators/bash.py", line 249, in execute
    raise AirflowException(
airflow.exceptions.AirflowException: Bash command failed. The command returned a non-zero exit code 1.
[2025-12-06T06:33:02.925+0000] {taskinstance.py:1225} INFO - Marking task as FAILED. dag_id=elt_dbt_downstream, task_id=dbt_test_downstream, run_id=manual__2025-12-06T06:04:36.464424+00:00, execution_date=20251206T060436, start_date=20251206T063258, end_date=20251206T063302
[2025-12-06T06:33:02.936+0000] {taskinstance.py:340} INFO - ::group::Post task execution logs
[2025-12-06T06:33:02.936+0000] {standard_task_runner.py:124} ERROR - Failed to execute job 356 for task dbt_test_downstream (Bash command failed. The command returned a non-zero exit code 1.; 24988)
Traceback (most recent call last):
  File "/home/airflow/.local/lib/python3.12/site-packages/airflow/task/task_runner/standard_task_runner.py", line 117, in _start_by_fork
    ret = args.func(args, dag=self.dag)
          ^^^^^^^^^^^^^^^^^^^^^^^^^^^^^
  File "/home/airflow/.local/lib/python3.12/site-packages/airflow/cli/cli_config.py", line 49, in command
    return func(*args, **kwargs)
           ^^^^^^^^^^^^^^^^^^^^^
  File "/home/airflow/.local/lib/python3.12/site-packages/airflow/utils/cli.py", line 115, in wrapper
    return f(*args, **kwargs)
           ^^^^^^^^^^^^^^^^^^
  File "/home/airflow/.local/lib/python3.12/site-packages/airflow/cli/commands/task_command.py", line 483, in task_run
    task_return_code = _run_task_by_selected_method(args, _dag, ti)
                       ^^^^^^^^^^^^^^^^^^^^^^^^^^^^^^^^^^^^^^^^^^^^
  File "/home/airflow/.local/lib/python3.12/site-packages/airflow/cli/commands/task_command.py", line 256, in _run_task_by_selected_method
    return _run_raw_task(args, ti)
           ^^^^^^^^^^^^^^^^^^^^^^^
  File "/home/airflow/.local/lib/python3.12/site-packages/airflow/cli/commands/task_command.py", line 341, in _run_raw_task
    return ti._run_raw_task(
           ^^^^^^^^^^^^^^^^^
  File "/home/airflow/.local/lib/python3.12/site-packages/airflow/utils/session.py", line 97, in wrapper
    return func(*args, session=session, **kwargs)
           ^^^^^^^^^^^^^^^^^^^^^^^^^^^^^^^^^^^^^^
  File "/home/airflow/.local/lib/python3.12/site-packages/airflow/models/taskinstance.py", line 3004, in _run_raw_task
    return _run_raw_task(
           ^^^^^^^^^^^^^^
  File "/home/airflow/.local/lib/python3.12/site-packages/airflow/models/taskinstance.py", line 273, in _run_raw_task
    TaskInstance._execute_task_with_callbacks(
  File "/home/airflow/.local/lib/python3.12/site-packages/airflow/models/taskinstance.py", line 3158, in _execute_task_with_callbacks
    result = self._execute_task(context, task_orig)
             ^^^^^^^^^^^^^^^^^^^^^^^^^^^^^^^^^^^^^^
  File "/home/airflow/.local/lib/python3.12/site-packages/airflow/models/taskinstance.py", line 3182, in _execute_task
    return _execute_task(self, context, task_orig)
           ^^^^^^^^^^^^^^^^^^^^^^^^^^^^^^^^^^^^^^^
  File "/home/airflow/.local/lib/python3.12/site-packages/airflow/models/taskinstance.py", line 767, in _execute_task
    result = _execute_callable(context=context, **execute_callable_kwargs)
             ^^^^^^^^^^^^^^^^^^^^^^^^^^^^^^^^^^^^^^^^^^^^^^^^^^^^^^^^^^^^^
  File "/home/airflow/.local/lib/python3.12/site-packages/airflow/models/taskinstance.py", line 733, in _execute_callable
    return ExecutionCallableRunner(
           ^^^^^^^^^^^^^^^^^^^^^^^^
  File "/home/airflow/.local/lib/python3.12/site-packages/airflow/utils/operator_helpers.py", line 252, in run
    return self.func(*args, **kwargs)
           ^^^^^^^^^^^^^^^^^^^^^^^^^^
  File "/home/airflow/.local/lib/python3.12/site-packages/airflow/models/baseoperator.py", line 406, in wrapper
    return func(self, *args, **kwargs)
           ^^^^^^^^^^^^^^^^^^^^^^^^^^^
  File "/home/airflow/.local/lib/python3.12/site-packages/airflow/operators/bash.py", line 249, in execute
    raise AirflowException(
airflow.exceptions.AirflowException: Bash command failed. The command returned a non-zero exit code 1.
[2025-12-06T06:33:02.957+0000] {local_task_job_runner.py:266} INFO - Task exited with return code 1
[2025-12-06T06:33:02.969+0000] {taskinstance.py:3900} INFO - 0 downstream tasks scheduled from follow-on schedule check
[2025-12-06T06:33:02.970+0000] {local_task_job_runner.py:245} INFO - ::endgroup::
