[2025-11-21T02:09:02.619+0000] {local_task_job_runner.py:123} INFO - ::group::Pre task execution logs
[2025-11-21T02:09:02.624+0000] {taskinstance.py:2612} INFO - Dependencies all met for dep_context=non-requeueable deps ti=<TaskInstance: yahoo_finance_simple_dag.create_table manual__2025-11-21T02:09:01.434945+00:00 [queued]>
[2025-11-21T02:09:02.626+0000] {taskinstance.py:2612} INFO - Dependencies all met for dep_context=requeueable deps ti=<TaskInstance: yahoo_finance_simple_dag.create_table manual__2025-11-21T02:09:01.434945+00:00 [queued]>
[2025-11-21T02:09:02.626+0000] {taskinstance.py:2865} INFO - Starting attempt 1 of 2
[2025-11-21T02:09:02.629+0000] {taskinstance.py:2888} INFO - Executing <Task(SQLExecuteQueryOperator): create_table> on 2025-11-21 02:09:01.434945+00:00
[2025-11-21T02:09:02.633+0000] {logging_mixin.py:190} WARNING - /home/***/.local/lib/python3.12/site-packages/***/task/task_runner/standard_task_runner.py:70 DeprecationWarning: This process (pid=1067) is multi-threaded, use of fork() may lead to deadlocks in the child.
[2025-11-21T02:09:02.634+0000] {standard_task_runner.py:72} INFO - Started process 1070 to run task
[2025-11-21T02:09:02.633+0000] {standard_task_runner.py:104} INFO - Running: ['***', 'tasks', 'run', 'yahoo_finance_simple_dag', 'create_table', 'manual__2025-11-21T02:09:01.434945+00:00', '--job-id', '12', '--raw', '--subdir', 'DAGS_FOLDER/yahoo_finance_transactional.py', '--cfg-path', '/tmp/tmpm_zrqbfr']
[2025-11-21T02:09:02.635+0000] {standard_task_runner.py:105} INFO - Job 12: Subtask create_table
[2025-11-21T02:09:02.651+0000] {task_command.py:467} INFO - Running <TaskInstance: yahoo_finance_simple_dag.create_table manual__2025-11-21T02:09:01.434945+00:00 [running]> on host 1b75444ae0b9
[2025-11-21T02:09:02.779+0000] {taskinstance.py:3131} INFO - Exporting env vars: AIRFLOW_CTX_DAG_OWNER='shagun' AIRFLOW_CTX_DAG_ID='yahoo_finance_simple_dag' AIRFLOW_CTX_TASK_ID='create_table' AIRFLOW_CTX_EXECUTION_DATE='2025-11-21T02:09:01.434945+00:00' AIRFLOW_CTX_TRY_NUMBER='1' AIRFLOW_CTX_DAG_RUN_ID='manual__2025-11-21T02:09:01.434945+00:00'
[2025-11-21T02:09:02.779+0000] {taskinstance.py:731} INFO - ::endgroup::
[2025-11-21T02:09:02.784+0000] {sql.py:266} INFO - Executing: 
CREATE TABLE IF NOT EXISTS YAHOO_PRICES (
    SYMBOL STRING,
    DATE   DATE,
    OPEN   DOUBLE,
    HIGH   DOUBLE,
    LOW    DOUBLE,
    CLOSE  DOUBLE,
    VOLUME NUMBER(38,0)
);
[2025-11-21T02:09:02.786+0000] {base.py:84} INFO - Retrieving connection 'snowflake_conn'
[2025-11-21T02:09:02.789+0000] {base.py:84} INFO - Retrieving connection 'snowflake_conn'
[2025-11-21T02:09:02.789+0000] {connection.py:413} INFO - Snowflake Connector for Python Version: 3.12.1, Python Version: 3.12.5, Platform: Linux-6.10.14-linuxkit-aarch64-with-glibc2.36
[2025-11-21T02:09:02.789+0000] {connection.py:1196} INFO - Connecting to GLOBAL Snowflake domain
[2025-11-21T02:09:02.789+0000] {connection.py:1277} INFO - This connection is in OCSP Fail Open Mode. TLS Certificates would be checked for validity and revocation status. Any other Certificate Revocation related exceptions or OCSP Responder failures would be disregarded in favor of connectivity.
[2025-11-21T02:09:03.400+0000] {cursor.py:1156} INFO - Number of results in first chunk: 1
[2025-11-21T02:09:03.401+0000] {sql.py:509} INFO - Running statement: CREATE TABLE IF NOT EXISTS YAHOO_PRICES (
    SYMBOL STRING,
    DATE   DATE,
    OPEN   DOUBLE,
    HIGH   DOUBLE,
    LOW    DOUBLE,
    CLOSE  DOUBLE,
    VOLUME NUMBER(38,0)
);, parameters: None
[2025-11-21T02:09:03.588+0000] {connection.py:788} INFO - closed
[2025-11-21T02:09:03.754+0000] {connection.py:794} INFO - No async queries seem to be running, deleting session
[2025-11-21T02:09:03.824+0000] {taskinstance.py:3310} ERROR - Task failed with exception
Traceback (most recent call last):
  File "/home/airflow/.local/lib/python3.12/site-packages/airflow/models/taskinstance.py", line 767, in _execute_task
    result = _execute_callable(context=context, **execute_callable_kwargs)
             ^^^^^^^^^^^^^^^^^^^^^^^^^^^^^^^^^^^^^^^^^^^^^^^^^^^^^^^^^^^^^
  File "/home/airflow/.local/lib/python3.12/site-packages/airflow/models/taskinstance.py", line 733, in _execute_callable
    return ExecutionCallableRunner(
           ^^^^^^^^^^^^^^^^^^^^^^^^
  File "/home/airflow/.local/lib/python3.12/site-packages/airflow/utils/operator_helpers.py", line 252, in run
    return self.func(*args, **kwargs)
           ^^^^^^^^^^^^^^^^^^^^^^^^^^
  File "/home/airflow/.local/lib/python3.12/site-packages/airflow/models/baseoperator.py", line 406, in wrapper
    return func(self, *args, **kwargs)
           ^^^^^^^^^^^^^^^^^^^^^^^^^^^
  File "/home/airflow/.local/lib/python3.12/site-packages/airflow/providers/common/sql/operators/sql.py", line 272, in execute
    output = hook.run(
             ^^^^^^^^^
  File "/home/airflow/.local/lib/python3.12/site-packages/airflow/providers/snowflake/hooks/snowflake.py", line 410, in run
    self._run_command(cur, sql_statement, parameters)  # type: ignore[attr-defined]
    ^^^^^^^^^^^^^^^^^^^^^^^^^^^^^^^^^^^^^^^^^^^^^^^^^
  File "/home/airflow/.local/lib/python3.12/site-packages/airflow/providers/common/sql/hooks/sql.py", line 514, in _run_command
    cur.execute(sql_statement)
  File "/home/airflow/.local/lib/python3.12/site-packages/snowflake/connector/cursor.py", line 1087, in execute
    Error.errorhandler_wrapper(self.connection, self, error_class, errvalue)
  File "/home/airflow/.local/lib/python3.12/site-packages/snowflake/connector/errors.py", line 284, in errorhandler_wrapper
    handed_over = Error.hand_to_other_handler(
                  ^^^^^^^^^^^^^^^^^^^^^^^^^^^^
  File "/home/airflow/.local/lib/python3.12/site-packages/snowflake/connector/errors.py", line 339, in hand_to_other_handler
    cursor.errorhandler(connection, cursor, error_class, error_value)
  File "/home/airflow/.local/lib/python3.12/site-packages/snowflake/connector/errors.py", line 215, in default_errorhandler
    raise error_class(
snowflake.connector.errors.ProgrammingError: 090106 (22000): 01c087a1-0307-171b-000f-c0df00856c0a: Cannot perform CREATE TABLE. This session does not have a current schema. Call 'USE SCHEMA', or use a qualified name.
[2025-11-21T02:09:03.829+0000] {taskinstance.py:1225} INFO - Marking task as UP_FOR_RETRY. dag_id=yahoo_finance_simple_dag, task_id=create_table, run_id=manual__2025-11-21T02:09:01.434945+00:00, execution_date=20251121T020901, start_date=20251121T020902, end_date=20251121T020903
[2025-11-21T02:09:03.835+0000] {taskinstance.py:340} INFO - ::group::Post task execution logs
[2025-11-21T02:09:03.835+0000] {standard_task_runner.py:124} ERROR - Failed to execute job 12 for task create_table (090106 (22000): 01c087a1-0307-171b-000f-c0df00856c0a: Cannot perform CREATE TABLE. This session does not have a current schema. Call 'USE SCHEMA', or use a qualified name.; 1070)
Traceback (most recent call last):
  File "/home/airflow/.local/lib/python3.12/site-packages/airflow/task/task_runner/standard_task_runner.py", line 117, in _start_by_fork
    ret = args.func(args, dag=self.dag)
          ^^^^^^^^^^^^^^^^^^^^^^^^^^^^^
  File "/home/airflow/.local/lib/python3.12/site-packages/airflow/cli/cli_config.py", line 49, in command
    return func(*args, **kwargs)
           ^^^^^^^^^^^^^^^^^^^^^
  File "/home/airflow/.local/lib/python3.12/site-packages/airflow/utils/cli.py", line 115, in wrapper
    return f(*args, **kwargs)
           ^^^^^^^^^^^^^^^^^^
  File "/home/airflow/.local/lib/python3.12/site-packages/airflow/cli/commands/task_command.py", line 483, in task_run
    task_return_code = _run_task_by_selected_method(args, _dag, ti)
                       ^^^^^^^^^^^^^^^^^^^^^^^^^^^^^^^^^^^^^^^^^^^^
  File "/home/airflow/.local/lib/python3.12/site-packages/airflow/cli/commands/task_command.py", line 256, in _run_task_by_selected_method
    return _run_raw_task(args, ti)
           ^^^^^^^^^^^^^^^^^^^^^^^
  File "/home/airflow/.local/lib/python3.12/site-packages/airflow/cli/commands/task_command.py", line 341, in _run_raw_task
    return ti._run_raw_task(
           ^^^^^^^^^^^^^^^^^
  File "/home/airflow/.local/lib/python3.12/site-packages/airflow/utils/session.py", line 97, in wrapper
    return func(*args, session=session, **kwargs)
           ^^^^^^^^^^^^^^^^^^^^^^^^^^^^^^^^^^^^^^
  File "/home/airflow/.local/lib/python3.12/site-packages/airflow/models/taskinstance.py", line 3004, in _run_raw_task
    return _run_raw_task(
           ^^^^^^^^^^^^^^
  File "/home/airflow/.local/lib/python3.12/site-packages/airflow/models/taskinstance.py", line 273, in _run_raw_task
    TaskInstance._execute_task_with_callbacks(
  File "/home/airflow/.local/lib/python3.12/site-packages/airflow/models/taskinstance.py", line 3158, in _execute_task_with_callbacks
    result = self._execute_task(context, task_orig)
             ^^^^^^^^^^^^^^^^^^^^^^^^^^^^^^^^^^^^^^
  File "/home/airflow/.local/lib/python3.12/site-packages/airflow/models/taskinstance.py", line 3182, in _execute_task
    return _execute_task(self, context, task_orig)
           ^^^^^^^^^^^^^^^^^^^^^^^^^^^^^^^^^^^^^^^
  File "/home/airflow/.local/lib/python3.12/site-packages/airflow/models/taskinstance.py", line 767, in _execute_task
    result = _execute_callable(context=context, **execute_callable_kwargs)
             ^^^^^^^^^^^^^^^^^^^^^^^^^^^^^^^^^^^^^^^^^^^^^^^^^^^^^^^^^^^^^
  File "/home/airflow/.local/lib/python3.12/site-packages/airflow/models/taskinstance.py", line 733, in _execute_callable
    return ExecutionCallableRunner(
           ^^^^^^^^^^^^^^^^^^^^^^^^
  File "/home/airflow/.local/lib/python3.12/site-packages/airflow/utils/operator_helpers.py", line 252, in run
    return self.func(*args, **kwargs)
           ^^^^^^^^^^^^^^^^^^^^^^^^^^
  File "/home/airflow/.local/lib/python3.12/site-packages/airflow/models/baseoperator.py", line 406, in wrapper
    return func(self, *args, **kwargs)
           ^^^^^^^^^^^^^^^^^^^^^^^^^^^
  File "/home/airflow/.local/lib/python3.12/site-packages/airflow/providers/common/sql/operators/sql.py", line 272, in execute
    output = hook.run(
             ^^^^^^^^^
  File "/home/airflow/.local/lib/python3.12/site-packages/airflow/providers/snowflake/hooks/snowflake.py", line 410, in run
    self._run_command(cur, sql_statement, parameters)  # type: ignore[attr-defined]
    ^^^^^^^^^^^^^^^^^^^^^^^^^^^^^^^^^^^^^^^^^^^^^^^^^
  File "/home/airflow/.local/lib/python3.12/site-packages/airflow/providers/common/sql/hooks/sql.py", line 514, in _run_command
    cur.execute(sql_statement)
  File "/home/airflow/.local/lib/python3.12/site-packages/snowflake/connector/cursor.py", line 1087, in execute
    Error.errorhandler_wrapper(self.connection, self, error_class, errvalue)
  File "/home/airflow/.local/lib/python3.12/site-packages/snowflake/connector/errors.py", line 284, in errorhandler_wrapper
    handed_over = Error.hand_to_other_handler(
                  ^^^^^^^^^^^^^^^^^^^^^^^^^^^^
  File "/home/airflow/.local/lib/python3.12/site-packages/snowflake/connector/errors.py", line 339, in hand_to_other_handler
    cursor.errorhandler(connection, cursor, error_class, error_value)
  File "/home/airflow/.local/lib/python3.12/site-packages/snowflake/connector/errors.py", line 215, in default_errorhandler
    raise error_class(
snowflake.connector.errors.ProgrammingError: 090106 (22000): 01c087a1-0307-171b-000f-c0df00856c0a: Cannot perform CREATE TABLE. This session does not have a current schema. Call 'USE SCHEMA', or use a qualified name.
[2025-11-21T02:09:03.858+0000] {local_task_job_runner.py:266} INFO - Task exited with return code 1
[2025-11-21T02:09:03.867+0000] {taskinstance.py:3900} INFO - 0 downstream tasks scheduled from follow-on schedule check
[2025-11-21T02:09:03.867+0000] {local_task_job_runner.py:245} INFO - ::endgroup::
