[2025-11-21T23:29:08.887+0000] {local_task_job_runner.py:123} INFO - ::group::Pre task execution logs
[2025-11-21T23:29:08.896+0000] {taskinstance.py:2612} INFO - Dependencies all met for dep_context=non-requeueable deps ti=<TaskInstance: elt_dbt_pipeline.dbt_run_mart scheduled__2025-11-20T03:00:00+00:00 [queued]>
[2025-11-21T23:29:08.899+0000] {taskinstance.py:2612} INFO - Dependencies all met for dep_context=requeueable deps ti=<TaskInstance: elt_dbt_pipeline.dbt_run_mart scheduled__2025-11-20T03:00:00+00:00 [queued]>
[2025-11-21T23:29:08.899+0000] {taskinstance.py:2865} INFO - Starting attempt 2 of 3
[2025-11-21T23:29:08.903+0000] {taskinstance.py:2888} INFO - Executing <Task(BashOperator): dbt_run_mart> on 2025-11-20 03:00:00+00:00
[2025-11-21T23:29:08.907+0000] {standard_task_runner.py:104} INFO - Running: ['***', 'tasks', 'run', 'elt_dbt_pipeline', 'dbt_run_mart', 'scheduled__2025-11-20T03:00:00+00:00', '--job-id', '22', '--raw', '--subdir', 'DAGS_FOLDER/elt_dbt_pipeline.py', '--cfg-path', '/tmp/tmp31bnq50k']
[2025-11-21T23:29:08.908+0000] {standard_task_runner.py:105} INFO - Job 22: Subtask dbt_run_mart
[2025-11-21T23:29:08.908+0000] {logging_mixin.py:190} WARNING - /home/***/.local/lib/python3.12/site-packages/***/task/task_runner/standard_task_runner.py:70 DeprecationWarning: This process (pid=248) is multi-threaded, use of fork() may lead to deadlocks in the child.
[2025-11-21T23:29:08.909+0000] {standard_task_runner.py:72} INFO - Started process 249 to run task
[2025-11-21T23:29:08.924+0000] {task_command.py:467} INFO - Running <TaskInstance: elt_dbt_pipeline.dbt_run_mart scheduled__2025-11-20T03:00:00+00:00 [running]> on host 663ef6e4cd5f
[2025-11-21T23:29:08.948+0000] {taskinstance.py:3131} INFO - Exporting env vars: AIRFLOW_CTX_DAG_OWNER='***' AIRFLOW_CTX_DAG_ID='elt_dbt_pipeline' AIRFLOW_CTX_TASK_ID='dbt_run_mart' AIRFLOW_CTX_EXECUTION_DATE='2025-11-20T03:00:00+00:00' AIRFLOW_CTX_TRY_NUMBER='2' AIRFLOW_CTX_DAG_RUN_ID='scheduled__2025-11-20T03:00:00+00:00'
[2025-11-21T23:29:08.948+0000] {taskinstance.py:731} INFO - ::endgroup::
[2025-11-21T23:29:08.954+0000] {subprocess.py:63} INFO - Tmp dir root location: /tmp
[2025-11-21T23:29:08.954+0000] {subprocess.py:75} INFO - Running command: ['/usr/bin/bash', '-c', 'set -euo pipefail;cd /opt/***/dbt/stock_analytics && dbt debug --profiles-dir /opt/***/dbt && dbt run -s mart_stock_analysis --profiles-dir /opt/***/dbt']
[2025-11-21T23:29:08.957+0000] {subprocess.py:86} INFO - Output:
[2025-11-21T23:29:09.899+0000] {subprocess.py:93} INFO - [0m23:29:09  Running with dbt=1.11.0-rc1
[2025-11-21T23:29:09.903+0000] {subprocess.py:93} INFO - [0m23:29:09  dbt version: 1.11.0-rc1
[2025-11-21T23:29:09.903+0000] {subprocess.py:93} INFO - [0m23:29:09  python version: 3.12.5
[2025-11-21T23:29:09.903+0000] {subprocess.py:93} INFO - [0m23:29:09  python path: /opt/***/dbt_venv/bin/python3.12
[2025-11-21T23:29:09.903+0000] {subprocess.py:93} INFO - [0m23:29:09  os info: Linux-6.10.14-linuxkit-aarch64-with-glibc2.36
[2025-11-21T23:29:09.904+0000] {subprocess.py:93} INFO - [0m23:29:09  Using profiles dir at /opt/***/dbt
[2025-11-21T23:29:09.904+0000] {subprocess.py:93} INFO - [0m23:29:09  Using profiles.yml file at /opt/***/dbt/profiles.yml
[2025-11-21T23:29:09.904+0000] {subprocess.py:93} INFO - [0m23:29:09  Using dbt_project.yml file at /opt/***/dbt/stock_analytics/dbt_project.yml
[2025-11-21T23:29:09.944+0000] {subprocess.py:93} INFO - [0m23:29:09  Configuration:
[2025-11-21T23:29:09.944+0000] {subprocess.py:93} INFO - [0m23:29:09    profiles.yml file [[31mERROR not found[0m]
[2025-11-21T23:29:09.944+0000] {subprocess.py:93} INFO - [0m23:29:09    dbt_project.yml file [[32mOK found and valid[0m]
[2025-11-21T23:29:09.944+0000] {subprocess.py:93} INFO - [0m23:29:09  Required dependencies:
[2025-11-21T23:29:09.947+0000] {subprocess.py:93} INFO - [0m23:29:09   - git [[32mOK found[0m]
[2025-11-21T23:29:09.947+0000] {subprocess.py:93} INFO - 
[2025-11-21T23:29:09.947+0000] {subprocess.py:93} INFO - [0m23:29:09  Connection test skipped since no profile was found
[2025-11-21T23:29:09.947+0000] {subprocess.py:93} INFO - [0m23:29:09  [31m1 check failed:[0m
[2025-11-21T23:29:09.948+0000] {subprocess.py:93} INFO - [0m23:29:09  dbt looked for a profiles.yml file in /opt/***/dbt/profiles.yml, but did
[2025-11-21T23:29:09.948+0000] {subprocess.py:93} INFO - not find one. For more information on configuring your profile, consult the
[2025-11-21T23:29:09.948+0000] {subprocess.py:93} INFO - documentation:
[2025-11-21T23:29:09.948+0000] {subprocess.py:93} INFO - 
[2025-11-21T23:29:09.948+0000] {subprocess.py:93} INFO - https://docs.getdbt.com/docs/configure-your-profile
[2025-11-21T23:29:09.948+0000] {subprocess.py:93} INFO - 
[2025-11-21T23:29:09.948+0000] {subprocess.py:93} INFO - 
[2025-11-21T23:29:10.481+0000] {subprocess.py:97} INFO - Command exited with return code 1
[2025-11-21T23:29:10.487+0000] {taskinstance.py:3310} ERROR - Task failed with exception
Traceback (most recent call last):
  File "/home/airflow/.local/lib/python3.12/site-packages/airflow/models/taskinstance.py", line 767, in _execute_task
    result = _execute_callable(context=context, **execute_callable_kwargs)
             ^^^^^^^^^^^^^^^^^^^^^^^^^^^^^^^^^^^^^^^^^^^^^^^^^^^^^^^^^^^^^
  File "/home/airflow/.local/lib/python3.12/site-packages/airflow/models/taskinstance.py", line 733, in _execute_callable
    return ExecutionCallableRunner(
           ^^^^^^^^^^^^^^^^^^^^^^^^
  File "/home/airflow/.local/lib/python3.12/site-packages/airflow/utils/operator_helpers.py", line 252, in run
    return self.func(*args, **kwargs)
           ^^^^^^^^^^^^^^^^^^^^^^^^^^
  File "/home/airflow/.local/lib/python3.12/site-packages/airflow/models/baseoperator.py", line 406, in wrapper
    return func(self, *args, **kwargs)
           ^^^^^^^^^^^^^^^^^^^^^^^^^^^
  File "/home/airflow/.local/lib/python3.12/site-packages/airflow/operators/bash.py", line 249, in execute
    raise AirflowException(
airflow.exceptions.AirflowException: Bash command failed. The command returned a non-zero exit code 1.
[2025-11-21T23:29:10.490+0000] {taskinstance.py:1225} INFO - Marking task as UP_FOR_RETRY. dag_id=elt_dbt_pipeline, task_id=dbt_run_mart, run_id=scheduled__2025-11-20T03:00:00+00:00, execution_date=20251120T030000, start_date=20251121T232908, end_date=20251121T232910
[2025-11-21T23:29:10.496+0000] {taskinstance.py:340} INFO - ::group::Post task execution logs
[2025-11-21T23:29:10.496+0000] {standard_task_runner.py:124} ERROR - Failed to execute job 22 for task dbt_run_mart (Bash command failed. The command returned a non-zero exit code 1.; 249)
Traceback (most recent call last):
  File "/home/airflow/.local/lib/python3.12/site-packages/airflow/task/task_runner/standard_task_runner.py", line 117, in _start_by_fork
    ret = args.func(args, dag=self.dag)
          ^^^^^^^^^^^^^^^^^^^^^^^^^^^^^
  File "/home/airflow/.local/lib/python3.12/site-packages/airflow/cli/cli_config.py", line 49, in command
    return func(*args, **kwargs)
           ^^^^^^^^^^^^^^^^^^^^^
  File "/home/airflow/.local/lib/python3.12/site-packages/airflow/utils/cli.py", line 115, in wrapper
    return f(*args, **kwargs)
           ^^^^^^^^^^^^^^^^^^
  File "/home/airflow/.local/lib/python3.12/site-packages/airflow/cli/commands/task_command.py", line 483, in task_run
    task_return_code = _run_task_by_selected_method(args, _dag, ti)
                       ^^^^^^^^^^^^^^^^^^^^^^^^^^^^^^^^^^^^^^^^^^^^
  File "/home/airflow/.local/lib/python3.12/site-packages/airflow/cli/commands/task_command.py", line 256, in _run_task_by_selected_method
    return _run_raw_task(args, ti)
           ^^^^^^^^^^^^^^^^^^^^^^^
  File "/home/airflow/.local/lib/python3.12/site-packages/airflow/cli/commands/task_command.py", line 341, in _run_raw_task
    return ti._run_raw_task(
           ^^^^^^^^^^^^^^^^^
  File "/home/airflow/.local/lib/python3.12/site-packages/airflow/utils/session.py", line 97, in wrapper
    return func(*args, session=session, **kwargs)
           ^^^^^^^^^^^^^^^^^^^^^^^^^^^^^^^^^^^^^^
  File "/home/airflow/.local/lib/python3.12/site-packages/airflow/models/taskinstance.py", line 3004, in _run_raw_task
    return _run_raw_task(
           ^^^^^^^^^^^^^^
  File "/home/airflow/.local/lib/python3.12/site-packages/airflow/models/taskinstance.py", line 273, in _run_raw_task
    TaskInstance._execute_task_with_callbacks(
  File "/home/airflow/.local/lib/python3.12/site-packages/airflow/models/taskinstance.py", line 3158, in _execute_task_with_callbacks
    result = self._execute_task(context, task_orig)
             ^^^^^^^^^^^^^^^^^^^^^^^^^^^^^^^^^^^^^^
  File "/home/airflow/.local/lib/python3.12/site-packages/airflow/models/taskinstance.py", line 3182, in _execute_task
    return _execute_task(self, context, task_orig)
           ^^^^^^^^^^^^^^^^^^^^^^^^^^^^^^^^^^^^^^^
  File "/home/airflow/.local/lib/python3.12/site-packages/airflow/models/taskinstance.py", line 767, in _execute_task
    result = _execute_callable(context=context, **execute_callable_kwargs)
             ^^^^^^^^^^^^^^^^^^^^^^^^^^^^^^^^^^^^^^^^^^^^^^^^^^^^^^^^^^^^^
  File "/home/airflow/.local/lib/python3.12/site-packages/airflow/models/taskinstance.py", line 733, in _execute_callable
    return ExecutionCallableRunner(
           ^^^^^^^^^^^^^^^^^^^^^^^^
  File "/home/airflow/.local/lib/python3.12/site-packages/airflow/utils/operator_helpers.py", line 252, in run
    return self.func(*args, **kwargs)
           ^^^^^^^^^^^^^^^^^^^^^^^^^^
  File "/home/airflow/.local/lib/python3.12/site-packages/airflow/models/baseoperator.py", line 406, in wrapper
    return func(self, *args, **kwargs)
           ^^^^^^^^^^^^^^^^^^^^^^^^^^^
  File "/home/airflow/.local/lib/python3.12/site-packages/airflow/operators/bash.py", line 249, in execute
    raise AirflowException(
airflow.exceptions.AirflowException: Bash command failed. The command returned a non-zero exit code 1.
[2025-11-21T23:29:10.532+0000] {local_task_job_runner.py:266} INFO - Task exited with return code 1
[2025-11-21T23:29:10.541+0000] {taskinstance.py:3900} INFO - 0 downstream tasks scheduled from follow-on schedule check
[2025-11-21T23:29:10.541+0000] {local_task_job_runner.py:245} INFO - ::endgroup::
