[2025-11-21T23:34:18.877+0000] {local_task_job_runner.py:123} INFO - ::group::Pre task execution logs
[2025-11-21T23:34:18.883+0000] {taskinstance.py:2612} INFO - Dependencies all met for dep_context=non-requeueable deps ti=<TaskInstance: elt_dbt_pipeline.dbt_test_mart scheduled__2025-11-20T03:00:00+00:00 [queued]>
[2025-11-21T23:34:18.886+0000] {taskinstance.py:2612} INFO - Dependencies all met for dep_context=requeueable deps ti=<TaskInstance: elt_dbt_pipeline.dbt_test_mart scheduled__2025-11-20T03:00:00+00:00 [queued]>
[2025-11-21T23:34:18.886+0000] {taskinstance.py:2865} INFO - Starting attempt 1 of 2
[2025-11-21T23:34:18.890+0000] {taskinstance.py:2888} INFO - Executing <Task(BashOperator): dbt_test_mart> on 2025-11-20 03:00:00+00:00
[2025-11-21T23:34:18.893+0000] {standard_task_runner.py:104} INFO - Running: ['***', 'tasks', 'run', 'elt_dbt_pipeline', 'dbt_test_mart', 'scheduled__2025-11-20T03:00:00+00:00', '--job-id', '24', '--raw', '--subdir', 'DAGS_FOLDER/elt_dbt_pipeline.py', '--cfg-path', '/tmp/tmpo5fj3l_8']
[2025-11-21T23:34:18.894+0000] {standard_task_runner.py:105} INFO - Job 24: Subtask dbt_test_mart
[2025-11-21T23:34:18.894+0000] {logging_mixin.py:190} WARNING - /home/***/.local/lib/python3.12/site-packages/***/task/task_runner/standard_task_runner.py:70 DeprecationWarning: This process (pid=490) is multi-threaded, use of fork() may lead to deadlocks in the child.
[2025-11-21T23:34:18.895+0000] {standard_task_runner.py:72} INFO - Started process 491 to run task
[2025-11-21T23:34:18.909+0000] {task_command.py:467} INFO - Running <TaskInstance: elt_dbt_pipeline.dbt_test_mart scheduled__2025-11-20T03:00:00+00:00 [running]> on host 663ef6e4cd5f
[2025-11-21T23:34:18.933+0000] {taskinstance.py:3131} INFO - Exporting env vars: AIRFLOW_CTX_DAG_OWNER='***' AIRFLOW_CTX_DAG_ID='elt_dbt_pipeline' AIRFLOW_CTX_TASK_ID='dbt_test_mart' AIRFLOW_CTX_EXECUTION_DATE='2025-11-20T03:00:00+00:00' AIRFLOW_CTX_TRY_NUMBER='1' AIRFLOW_CTX_DAG_RUN_ID='scheduled__2025-11-20T03:00:00+00:00'
[2025-11-21T23:34:18.933+0000] {taskinstance.py:731} INFO - ::endgroup::
[2025-11-21T23:34:18.938+0000] {subprocess.py:63} INFO - Tmp dir root location: /tmp
[2025-11-21T23:34:18.938+0000] {subprocess.py:75} INFO - Running command: ['/usr/bin/bash', '-c', 'set -euo pipefail;cd /opt/***/dbt/stock_analytics && dbt test -s mart_stock_analysis --profiles-dir /opt/***/dbt']
[2025-11-21T23:34:18.941+0000] {subprocess.py:86} INFO - Output:
[2025-11-21T23:34:19.819+0000] {subprocess.py:93} INFO - [0m23:34:19  Running with dbt=1.11.0-rc1
[2025-11-21T23:34:19.987+0000] {subprocess.py:93} INFO - [0m23:34:19  Registered adapter: snowflake=1.10.3
[2025-11-21T23:34:20.206+0000] {subprocess.py:93} INFO - [0m23:34:20  Found 3 models, 11 data tests, 2 sources, 504 macros
[2025-11-21T23:34:20.207+0000] {subprocess.py:93} INFO - [0m23:34:20
[2025-11-21T23:34:20.207+0000] {subprocess.py:93} INFO - [0m23:34:20  Concurrency: 1 threads (target='dev')
[2025-11-21T23:34:20.208+0000] {subprocess.py:93} INFO - [0m23:34:20
[2025-11-21T23:34:20.711+0000] {subprocess.py:93} INFO - [0m23:34:20  1 of 5 START test accepted_values_mart_stock_analysis_record_type__historical__forecast  [RUN]
[2025-11-21T23:34:20.975+0000] {subprocess.py:93} INFO - [0m23:34:20  1 of 5 PASS accepted_values_mart_stock_analysis_record_type__historical__forecast  [[32mPASS[0m in 0.26s]
[2025-11-21T23:34:20.977+0000] {subprocess.py:93} INFO - [0m23:34:20  2 of 5 START test not_null_mart_stock_analysis_date ............................ [RUN]
[2025-11-21T23:34:21.313+0000] {subprocess.py:93} INFO - [0m23:34:21  2 of 5 PASS not_null_mart_stock_analysis_date .................................. [[32mPASS[0m in 0.33s]
[2025-11-21T23:34:21.316+0000] {subprocess.py:93} INFO - [0m23:34:21  3 of 5 START test not_null_mart_stock_analysis_symbol .......................... [RUN]
[2025-11-21T23:34:21.726+0000] {subprocess.py:93} INFO - [0m23:34:21  3 of 5 PASS not_null_mart_stock_analysis_symbol ................................ [[32mPASS[0m in 0.41s]
[2025-11-21T23:34:21.731+0000] {subprocess.py:93} INFO - [0m23:34:21  4 of 5 START test test_forecast_dates_future ................................... [RUN]
[2025-11-21T23:34:22.133+0000] {subprocess.py:93} INFO - [0m23:34:22  4 of 5 FAIL 1 test_forecast_dates_future ....................................... [[31mFAIL 1[0m in 0.40s]
[2025-11-21T23:34:22.137+0000] {subprocess.py:93} INFO - [0m23:34:22  5 of 5 START test unique_mart_stock_analysis_pk_symbol_date .................... [RUN]
[2025-11-21T23:34:22.509+0000] {subprocess.py:93} INFO - [0m23:34:22  5 of 5 FAIL 1 unique_mart_stock_analysis_pk_symbol_date ........................ [[31mFAIL 1[0m in 0.37s]
[2025-11-21T23:34:22.634+0000] {subprocess.py:93} INFO - [0m23:34:22
[2025-11-21T23:34:22.634+0000] {subprocess.py:93} INFO - [0m23:34:22  Finished running 5 data tests in 0 hours 0 minutes and 2.43 seconds (2.43s).
[2025-11-21T23:34:22.656+0000] {subprocess.py:93} INFO - [0m23:34:22
[2025-11-21T23:34:22.657+0000] {subprocess.py:93} INFO - [0m23:34:22  [31mCompleted with 2 errors, 0 partial successes, and 0 warnings:[0m
[2025-11-21T23:34:22.657+0000] {subprocess.py:93} INFO - [0m23:34:22
[2025-11-21T23:34:22.657+0000] {subprocess.py:93} INFO - [0m23:34:22  [31mFailure in test test_forecast_dates_future (tests/test_forecast_dates_future.sql)[0m
[2025-11-21T23:34:22.657+0000] {subprocess.py:93} INFO - [0m23:34:22    Got 1 result, configured to fail if != 0
[2025-11-21T23:34:22.657+0000] {subprocess.py:93} INFO - [0m23:34:22
[2025-11-21T23:34:22.658+0000] {subprocess.py:93} INFO - [0m23:34:22    compiled code at target/compiled/stock_analytics/tests/test_forecast_dates_future.sql
[2025-11-21T23:34:22.658+0000] {subprocess.py:93} INFO - [0m23:34:22
[2025-11-21T23:34:22.658+0000] {subprocess.py:93} INFO - [0m23:34:22  [31mFailure in test unique_mart_stock_analysis_pk_symbol_date (models/marts/mart_stock_analysis.yml)[0m
[2025-11-21T23:34:22.658+0000] {subprocess.py:93} INFO - [0m23:34:22    Got 1 result, configured to fail if != 0
[2025-11-21T23:34:22.658+0000] {subprocess.py:93} INFO - [0m23:34:22
[2025-11-21T23:34:22.658+0000] {subprocess.py:93} INFO - [0m23:34:22    compiled code at target/compiled/stock_analytics/models/marts/mart_stock_analysis.yml/unique_mart_stock_analysis_pk_symbol_date.sql
[2025-11-21T23:34:22.658+0000] {subprocess.py:93} INFO - [0m23:34:22
[2025-11-21T23:34:22.659+0000] {subprocess.py:93} INFO - [0m23:34:22  Done. PASS=3 WARN=0 ERROR=2 SKIP=0 NO-OP=0 TOTAL=5
[2025-11-21T23:34:23.152+0000] {subprocess.py:97} INFO - Command exited with return code 1
[2025-11-21T23:34:23.156+0000] {taskinstance.py:3310} ERROR - Task failed with exception
Traceback (most recent call last):
  File "/home/airflow/.local/lib/python3.12/site-packages/airflow/models/taskinstance.py", line 767, in _execute_task
    result = _execute_callable(context=context, **execute_callable_kwargs)
             ^^^^^^^^^^^^^^^^^^^^^^^^^^^^^^^^^^^^^^^^^^^^^^^^^^^^^^^^^^^^^
  File "/home/airflow/.local/lib/python3.12/site-packages/airflow/models/taskinstance.py", line 733, in _execute_callable
    return ExecutionCallableRunner(
           ^^^^^^^^^^^^^^^^^^^^^^^^
  File "/home/airflow/.local/lib/python3.12/site-packages/airflow/utils/operator_helpers.py", line 252, in run
    return self.func(*args, **kwargs)
           ^^^^^^^^^^^^^^^^^^^^^^^^^^
  File "/home/airflow/.local/lib/python3.12/site-packages/airflow/models/baseoperator.py", line 406, in wrapper
    return func(self, *args, **kwargs)
           ^^^^^^^^^^^^^^^^^^^^^^^^^^^
  File "/home/airflow/.local/lib/python3.12/site-packages/airflow/operators/bash.py", line 249, in execute
    raise AirflowException(
airflow.exceptions.AirflowException: Bash command failed. The command returned a non-zero exit code 1.
[2025-11-21T23:34:23.159+0000] {taskinstance.py:1225} INFO - Marking task as UP_FOR_RETRY. dag_id=elt_dbt_pipeline, task_id=dbt_test_mart, run_id=scheduled__2025-11-20T03:00:00+00:00, execution_date=20251120T030000, start_date=20251121T233418, end_date=20251121T233423
[2025-11-21T23:34:23.164+0000] {taskinstance.py:340} INFO - ::group::Post task execution logs
[2025-11-21T23:34:23.164+0000] {standard_task_runner.py:124} ERROR - Failed to execute job 24 for task dbt_test_mart (Bash command failed. The command returned a non-zero exit code 1.; 491)
Traceback (most recent call last):
  File "/home/airflow/.local/lib/python3.12/site-packages/airflow/task/task_runner/standard_task_runner.py", line 117, in _start_by_fork
    ret = args.func(args, dag=self.dag)
          ^^^^^^^^^^^^^^^^^^^^^^^^^^^^^
  File "/home/airflow/.local/lib/python3.12/site-packages/airflow/cli/cli_config.py", line 49, in command
    return func(*args, **kwargs)
           ^^^^^^^^^^^^^^^^^^^^^
  File "/home/airflow/.local/lib/python3.12/site-packages/airflow/utils/cli.py", line 115, in wrapper
    return f(*args, **kwargs)
           ^^^^^^^^^^^^^^^^^^
  File "/home/airflow/.local/lib/python3.12/site-packages/airflow/cli/commands/task_command.py", line 483, in task_run
    task_return_code = _run_task_by_selected_method(args, _dag, ti)
                       ^^^^^^^^^^^^^^^^^^^^^^^^^^^^^^^^^^^^^^^^^^^^
  File "/home/airflow/.local/lib/python3.12/site-packages/airflow/cli/commands/task_command.py", line 256, in _run_task_by_selected_method
    return _run_raw_task(args, ti)
           ^^^^^^^^^^^^^^^^^^^^^^^
  File "/home/airflow/.local/lib/python3.12/site-packages/airflow/cli/commands/task_command.py", line 341, in _run_raw_task
    return ti._run_raw_task(
           ^^^^^^^^^^^^^^^^^
  File "/home/airflow/.local/lib/python3.12/site-packages/airflow/utils/session.py", line 97, in wrapper
    return func(*args, session=session, **kwargs)
           ^^^^^^^^^^^^^^^^^^^^^^^^^^^^^^^^^^^^^^
  File "/home/airflow/.local/lib/python3.12/site-packages/airflow/models/taskinstance.py", line 3004, in _run_raw_task
    return _run_raw_task(
           ^^^^^^^^^^^^^^
  File "/home/airflow/.local/lib/python3.12/site-packages/airflow/models/taskinstance.py", line 273, in _run_raw_task
    TaskInstance._execute_task_with_callbacks(
  File "/home/airflow/.local/lib/python3.12/site-packages/airflow/models/taskinstance.py", line 3158, in _execute_task_with_callbacks
    result = self._execute_task(context, task_orig)
             ^^^^^^^^^^^^^^^^^^^^^^^^^^^^^^^^^^^^^^
  File "/home/airflow/.local/lib/python3.12/site-packages/airflow/models/taskinstance.py", line 3182, in _execute_task
    return _execute_task(self, context, task_orig)
           ^^^^^^^^^^^^^^^^^^^^^^^^^^^^^^^^^^^^^^^
  File "/home/airflow/.local/lib/python3.12/site-packages/airflow/models/taskinstance.py", line 767, in _execute_task
    result = _execute_callable(context=context, **execute_callable_kwargs)
             ^^^^^^^^^^^^^^^^^^^^^^^^^^^^^^^^^^^^^^^^^^^^^^^^^^^^^^^^^^^^^
  File "/home/airflow/.local/lib/python3.12/site-packages/airflow/models/taskinstance.py", line 733, in _execute_callable
    return ExecutionCallableRunner(
           ^^^^^^^^^^^^^^^^^^^^^^^^
  File "/home/airflow/.local/lib/python3.12/site-packages/airflow/utils/operator_helpers.py", line 252, in run
    return self.func(*args, **kwargs)
           ^^^^^^^^^^^^^^^^^^^^^^^^^^
  File "/home/airflow/.local/lib/python3.12/site-packages/airflow/models/baseoperator.py", line 406, in wrapper
    return func(self, *args, **kwargs)
           ^^^^^^^^^^^^^^^^^^^^^^^^^^^
  File "/home/airflow/.local/lib/python3.12/site-packages/airflow/operators/bash.py", line 249, in execute
    raise AirflowException(
airflow.exceptions.AirflowException: Bash command failed. The command returned a non-zero exit code 1.
[2025-11-21T23:34:23.195+0000] {local_task_job_runner.py:266} INFO - Task exited with return code 1
[2025-11-21T23:34:23.201+0000] {taskinstance.py:3900} INFO - 0 downstream tasks scheduled from follow-on schedule check
[2025-11-21T23:34:23.202+0000] {local_task_job_runner.py:245} INFO - ::endgroup::
