[2025-11-22T18:34:40.005+0000] {local_task_job_runner.py:123} INFO - ::group::Pre task execution logs
[2025-11-22T18:34:40.012+0000] {taskinstance.py:2612} INFO - Dependencies all met for dep_context=non-requeueable deps ti=<TaskInstance: elt_dbt_pipeline.dbt_run_all scheduled__2025-11-21T03:00:00+00:00 [queued]>
[2025-11-22T18:34:40.016+0000] {taskinstance.py:2612} INFO - Dependencies all met for dep_context=requeueable deps ti=<TaskInstance: elt_dbt_pipeline.dbt_run_all scheduled__2025-11-21T03:00:00+00:00 [queued]>
[2025-11-22T18:34:40.016+0000] {taskinstance.py:2865} INFO - Starting attempt 1 of 2
[2025-11-22T18:34:40.020+0000] {taskinstance.py:2888} INFO - Executing <Task(BashOperator): dbt_run_all> on 2025-11-21 03:00:00+00:00
[2025-11-22T18:34:40.023+0000] {standard_task_runner.py:104} INFO - Running: ['***', 'tasks', 'run', 'elt_dbt_pipeline', 'dbt_run_all', 'scheduled__2025-11-21T03:00:00+00:00', '--job-id', '10', '--raw', '--subdir', 'DAGS_FOLDER/elt_dbt_pipeline.py', '--cfg-path', '/tmp/tmpqo0itlp9']
[2025-11-22T18:34:40.024+0000] {logging_mixin.py:190} WARNING - /home/***/.local/lib/python3.12/site-packages/***/task/task_runner/standard_task_runner.py:70 DeprecationWarning: This process (pid=476) is multi-threaded, use of fork() may lead to deadlocks in the child.
[2025-11-22T18:34:40.024+0000] {standard_task_runner.py:105} INFO - Job 10: Subtask dbt_run_all
[2025-11-22T18:34:40.024+0000] {standard_task_runner.py:72} INFO - Started process 477 to run task
[2025-11-22T18:34:40.040+0000] {task_command.py:467} INFO - Running <TaskInstance: elt_dbt_pipeline.dbt_run_all scheduled__2025-11-21T03:00:00+00:00 [running]> on host 599ab64e91dc
[2025-11-22T18:34:40.064+0000] {taskinstance.py:3131} INFO - Exporting env vars: AIRFLOW_CTX_DAG_OWNER='***' AIRFLOW_CTX_DAG_ID='elt_dbt_pipeline' AIRFLOW_CTX_TASK_ID='dbt_run_all' AIRFLOW_CTX_EXECUTION_DATE='2025-11-21T03:00:00+00:00' AIRFLOW_CTX_TRY_NUMBER='1' AIRFLOW_CTX_DAG_RUN_ID='scheduled__2025-11-21T03:00:00+00:00'
[2025-11-22T18:34:40.064+0000] {taskinstance.py:731} INFO - ::endgroup::
[2025-11-22T18:34:40.071+0000] {subprocess.py:63} INFO - Tmp dir root location: /tmp
[2025-11-22T18:34:40.071+0000] {subprocess.py:75} INFO - Running command: ['/usr/bin/bash', '-c', 'set -euo pipefail;cd /opt/***/dbt/stock_analytics && dbt debug --profiles-dir /opt/***/dbt && dbt run --profiles-dir /opt/***/dbt']
[2025-11-22T18:34:40.074+0000] {subprocess.py:86} INFO - Output:
[2025-11-22T18:34:40.981+0000] {subprocess.py:93} INFO - [0m18:34:40  Running with dbt=1.11.0-rc1
[2025-11-22T18:34:40.985+0000] {subprocess.py:93} INFO - [0m18:34:40  dbt version: 1.11.0-rc1
[2025-11-22T18:34:40.986+0000] {subprocess.py:93} INFO - [0m18:34:40  python version: 3.12.5
[2025-11-22T18:34:40.986+0000] {subprocess.py:93} INFO - [0m18:34:40  python path: /opt/***/dbt_venv/bin/python3.12
[2025-11-22T18:34:40.986+0000] {subprocess.py:93} INFO - [0m18:34:40  os info: Linux-6.10.14-linuxkit-aarch64-with-glibc2.36
[2025-11-22T18:34:41.105+0000] {subprocess.py:93} INFO - [0m18:34:41  Using profiles dir at /opt/***/dbt
[2025-11-22T18:34:41.105+0000] {subprocess.py:93} INFO - [0m18:34:41  Using profiles.yml file at /opt/***/dbt/profiles.yml
[2025-11-22T18:34:41.106+0000] {subprocess.py:93} INFO - [0m18:34:41  Using dbt_project.yml file at /opt/***/dbt/stock_analytics/dbt_project.yml
[2025-11-22T18:34:41.106+0000] {subprocess.py:93} INFO - [0m18:34:41  adapter type: snowflake
[2025-11-22T18:34:41.106+0000] {subprocess.py:93} INFO - [0m18:34:41  adapter version: 1.10.3
[2025-11-22T18:34:41.145+0000] {subprocess.py:93} INFO - [0m18:34:41  Configuration:
[2025-11-22T18:34:41.146+0000] {subprocess.py:93} INFO - [0m18:34:41    profiles.yml file [[32mOK found and valid[0m]
[2025-11-22T18:34:41.146+0000] {subprocess.py:93} INFO - [0m18:34:41    dbt_project.yml file [[32mOK found and valid[0m]
[2025-11-22T18:34:41.146+0000] {subprocess.py:93} INFO - [0m18:34:41  Required dependencies:
[2025-11-22T18:34:41.148+0000] {subprocess.py:93} INFO - [0m18:34:41   - git [[32mOK found[0m]
[2025-11-22T18:34:41.148+0000] {subprocess.py:93} INFO - 
[2025-11-22T18:34:41.148+0000] {subprocess.py:93} INFO - [0m18:34:41  Connection:
[2025-11-22T18:34:41.149+0000] {subprocess.py:93} INFO - [0m18:34:41    account: sfedu02-lvb17920
[2025-11-22T18:34:41.149+0000] {subprocess.py:93} INFO - [0m18:34:41    user: OSTRICH
[2025-11-22T18:34:41.149+0000] {subprocess.py:93} INFO - [0m18:34:41    database: USER_DB_OSTRICH
[2025-11-22T18:34:41.149+0000] {subprocess.py:93} INFO - [0m18:34:41    warehouse: OSTRICH_QUERY_WH
[2025-11-22T18:34:41.149+0000] {subprocess.py:93} INFO - [0m18:34:41    role: TRAINING_ROLE
[2025-11-22T18:34:41.149+0000] {subprocess.py:93} INFO - [0m18:34:41    schema: PUBLIC
[2025-11-22T18:34:41.150+0000] {subprocess.py:93} INFO - [0m18:34:41    authenticator: None
[2025-11-22T18:34:41.150+0000] {subprocess.py:93} INFO - [0m18:34:41    oauth_client_id: None
[2025-11-22T18:34:41.150+0000] {subprocess.py:93} INFO - [0m18:34:41    query_tag: None
[2025-11-22T18:34:41.150+0000] {subprocess.py:93} INFO - [0m18:34:41    client_session_keep_alive: False
[2025-11-22T18:34:41.150+0000] {subprocess.py:93} INFO - [0m18:34:41    host: None
[2025-11-22T18:34:41.151+0000] {subprocess.py:93} INFO - [0m18:34:41    port: None
[2025-11-22T18:34:41.151+0000] {subprocess.py:93} INFO - [0m18:34:41    proxy_host: None
[2025-11-22T18:34:41.151+0000] {subprocess.py:93} INFO - [0m18:34:41    proxy_port: None
[2025-11-22T18:34:41.151+0000] {subprocess.py:93} INFO - [0m18:34:41    protocol: None
[2025-11-22T18:34:41.151+0000] {subprocess.py:93} INFO - [0m18:34:41    connect_retries: 1
[2025-11-22T18:34:41.152+0000] {subprocess.py:93} INFO - [0m18:34:41    connect_timeout: None
[2025-11-22T18:34:41.152+0000] {subprocess.py:93} INFO - [0m18:34:41    retry_on_database_errors: False
[2025-11-22T18:34:41.152+0000] {subprocess.py:93} INFO - [0m18:34:41    retry_all: False
[2025-11-22T18:34:41.152+0000] {subprocess.py:93} INFO - [0m18:34:41    insecure_mode: False
[2025-11-22T18:34:41.152+0000] {subprocess.py:93} INFO - [0m18:34:41    reuse_connections: True
[2025-11-22T18:34:41.153+0000] {subprocess.py:93} INFO - [0m18:34:41    s3_stage_vpce_dns_name: None
[2025-11-22T18:34:41.153+0000] {subprocess.py:93} INFO - [0m18:34:41    platform_detection_timeout_seconds: 0.0
[2025-11-22T18:34:41.153+0000] {subprocess.py:93} INFO - [0m18:34:41  Registered adapter: snowflake=1.10.3
[2025-11-22T18:34:42.022+0000] {subprocess.py:93} INFO - [0m18:34:42    Connection test: [[32mOK connection ok[0m]
[2025-11-22T18:34:42.022+0000] {subprocess.py:93} INFO - 
[2025-11-22T18:34:42.022+0000] {subprocess.py:93} INFO - [0m18:34:42  [32mAll checks passed![0m
[2025-11-22T18:34:43.842+0000] {subprocess.py:93} INFO - [0m18:34:43  Running with dbt=1.11.0-rc1
[2025-11-22T18:34:44.013+0000] {subprocess.py:93} INFO - [0m18:34:44  Registered adapter: snowflake=1.10.3
[2025-11-22T18:34:44.092+0000] {subprocess.py:93} INFO - [0m18:34:44  Unable to do partial parsing because a project config has changed
[2025-11-22T18:34:44.622+0000] {subprocess.py:93} INFO - [0m18:34:44  [[33mWARNING[0m]: Test 'test.stock_analytics.test_forecast_dates_future' (tests/test_forecast_dates_future.sql) depends on a node named 'mart_stock_analysis' in package '' which was not found
[2025-11-22T18:34:44.623+0000] {subprocess.py:93} INFO - [0m18:34:44  [[33mWARNING[0m]: Test 'test.stock_analytics.test_forecast_dates_future' (tests/test_forecast_dates_future.sql) depends on a node named 'mart_stock_analysis' in package '' which was not found
[2025-11-22T18:34:44.715+0000] {subprocess.py:93} INFO - [0m18:34:44  Found 3 models, 8 data tests, 1 source, 504 macros
[2025-11-22T18:34:44.716+0000] {subprocess.py:93} INFO - [0m18:34:44
[2025-11-22T18:34:44.716+0000] {subprocess.py:93} INFO - [0m18:34:44  Concurrency: 4 threads (target='dev')
[2025-11-22T18:34:44.716+0000] {subprocess.py:93} INFO - [0m18:34:44
[2025-11-22T18:34:45.802+0000] {subprocess.py:93} INFO - [0m18:34:45  1 of 3 START sql view model PUBLIC_STAGING.stg_market_data ..................... [RUN]
[2025-11-22T18:34:46.156+0000] {subprocess.py:93} INFO - [0m18:34:46  1 of 3 OK created sql view model PUBLIC_STAGING.stg_market_data ................ [[32mSUCCESS 1[0m in 0.35s]
[2025-11-22T18:34:46.158+0000] {subprocess.py:93} INFO - [0m18:34:46  2 of 3 START sql view model PUBLIC_INTERMEDIATE.int_daily_returns .............. [RUN]
[2025-11-22T18:34:46.609+0000] {subprocess.py:93} INFO - [0m18:34:46  2 of 3 OK created sql view model PUBLIC_INTERMEDIATE.int_daily_returns ......... [[32mSUCCESS 1[0m in 0.45s]
[2025-11-22T18:34:46.613+0000] {subprocess.py:93} INFO - [0m18:34:46  3 of 3 START sql table model PUBLIC_ANALYTICS.mart_sector_volatility ........... [RUN]
[2025-11-22T18:34:46.747+0000] {subprocess.py:93} INFO - [0m18:34:46  3 of 3 ERROR creating sql table model PUBLIC_ANALYTICS.mart_sector_volatility .. [[31mERROR[0m in 0.13s]
[2025-11-22T18:34:47.196+0000] {subprocess.py:93} INFO - [0m18:34:47
[2025-11-22T18:34:47.197+0000] {subprocess.py:93} INFO - [0m18:34:47  Finished running 1 table model, 2 view models in 0 hours 0 minutes and 2.48 seconds (2.48s).
[2025-11-22T18:34:47.237+0000] {subprocess.py:93} INFO - [0m18:34:47
[2025-11-22T18:34:47.237+0000] {subprocess.py:93} INFO - [0m18:34:47  [31mCompleted with 1 error, 0 partial successes, and 0 warnings:[0m
[2025-11-22T18:34:47.238+0000] {subprocess.py:93} INFO - [0m18:34:47
[2025-11-22T18:34:47.238+0000] {subprocess.py:93} INFO - [0m18:34:47  [31mFailure in model mart_sector_volatility (models/marts/mart_sector_volatility.sql)[0m
[2025-11-22T18:34:47.238+0000] {subprocess.py:93} INFO - [0m18:34:47    Database Error in model mart_sector_volatility (models/marts/mart_sector_volatility.sql)
[2025-11-22T18:34:47.238+0000] {subprocess.py:93} INFO -   002303 (0A000): SQL compilation error: error line 51 at position 8
[2025-11-22T18:34:47.238+0000] {subprocess.py:93} INFO -   Sliding window frame unsupported for function COVAR_SAMP
[2025-11-22T18:34:47.239+0000] {subprocess.py:93} INFO -   compiled code at target/run/stock_analytics/models/marts/mart_sector_volatility.sql
[2025-11-22T18:34:47.239+0000] {subprocess.py:93} INFO - [0m18:34:47
[2025-11-22T18:34:47.239+0000] {subprocess.py:93} INFO - [0m18:34:47    compiled code at target/compiled/stock_analytics/models/marts/mart_sector_volatility.sql
[2025-11-22T18:34:47.239+0000] {subprocess.py:93} INFO - [0m18:34:47
[2025-11-22T18:34:47.240+0000] {subprocess.py:93} INFO - [0m18:34:47  Done. PASS=2 WARN=0 ERROR=1 SKIP=0 NO-OP=0 TOTAL=3
[2025-11-22T18:34:47.874+0000] {subprocess.py:97} INFO - Command exited with return code 1
[2025-11-22T18:34:47.880+0000] {taskinstance.py:3310} ERROR - Task failed with exception
Traceback (most recent call last):
  File "/home/airflow/.local/lib/python3.12/site-packages/airflow/models/taskinstance.py", line 767, in _execute_task
    result = _execute_callable(context=context, **execute_callable_kwargs)
             ^^^^^^^^^^^^^^^^^^^^^^^^^^^^^^^^^^^^^^^^^^^^^^^^^^^^^^^^^^^^^
  File "/home/airflow/.local/lib/python3.12/site-packages/airflow/models/taskinstance.py", line 733, in _execute_callable
    return ExecutionCallableRunner(
           ^^^^^^^^^^^^^^^^^^^^^^^^
  File "/home/airflow/.local/lib/python3.12/site-packages/airflow/utils/operator_helpers.py", line 252, in run
    return self.func(*args, **kwargs)
           ^^^^^^^^^^^^^^^^^^^^^^^^^^
  File "/home/airflow/.local/lib/python3.12/site-packages/airflow/models/baseoperator.py", line 406, in wrapper
    return func(self, *args, **kwargs)
           ^^^^^^^^^^^^^^^^^^^^^^^^^^^
  File "/home/airflow/.local/lib/python3.12/site-packages/airflow/operators/bash.py", line 249, in execute
    raise AirflowException(
airflow.exceptions.AirflowException: Bash command failed. The command returned a non-zero exit code 1.
[2025-11-22T18:34:47.884+0000] {taskinstance.py:1225} INFO - Marking task as UP_FOR_RETRY. dag_id=elt_dbt_pipeline, task_id=dbt_run_all, run_id=scheduled__2025-11-21T03:00:00+00:00, execution_date=20251121T030000, start_date=20251122T183440, end_date=20251122T183447
[2025-11-22T18:34:47.890+0000] {taskinstance.py:340} INFO - ::group::Post task execution logs
[2025-11-22T18:34:47.890+0000] {standard_task_runner.py:124} ERROR - Failed to execute job 10 for task dbt_run_all (Bash command failed. The command returned a non-zero exit code 1.; 477)
Traceback (most recent call last):
  File "/home/airflow/.local/lib/python3.12/site-packages/airflow/task/task_runner/standard_task_runner.py", line 117, in _start_by_fork
    ret = args.func(args, dag=self.dag)
          ^^^^^^^^^^^^^^^^^^^^^^^^^^^^^
  File "/home/airflow/.local/lib/python3.12/site-packages/airflow/cli/cli_config.py", line 49, in command
    return func(*args, **kwargs)
           ^^^^^^^^^^^^^^^^^^^^^
  File "/home/airflow/.local/lib/python3.12/site-packages/airflow/utils/cli.py", line 115, in wrapper
    return f(*args, **kwargs)
           ^^^^^^^^^^^^^^^^^^
  File "/home/airflow/.local/lib/python3.12/site-packages/airflow/cli/commands/task_command.py", line 483, in task_run
    task_return_code = _run_task_by_selected_method(args, _dag, ti)
                       ^^^^^^^^^^^^^^^^^^^^^^^^^^^^^^^^^^^^^^^^^^^^
  File "/home/airflow/.local/lib/python3.12/site-packages/airflow/cli/commands/task_command.py", line 256, in _run_task_by_selected_method
    return _run_raw_task(args, ti)
           ^^^^^^^^^^^^^^^^^^^^^^^
  File "/home/airflow/.local/lib/python3.12/site-packages/airflow/cli/commands/task_command.py", line 341, in _run_raw_task
    return ti._run_raw_task(
           ^^^^^^^^^^^^^^^^^
  File "/home/airflow/.local/lib/python3.12/site-packages/airflow/utils/session.py", line 97, in wrapper
    return func(*args, session=session, **kwargs)
           ^^^^^^^^^^^^^^^^^^^^^^^^^^^^^^^^^^^^^^
  File "/home/airflow/.local/lib/python3.12/site-packages/airflow/models/taskinstance.py", line 3004, in _run_raw_task
    return _run_raw_task(
           ^^^^^^^^^^^^^^
  File "/home/airflow/.local/lib/python3.12/site-packages/airflow/models/taskinstance.py", line 273, in _run_raw_task
    TaskInstance._execute_task_with_callbacks(
  File "/home/airflow/.local/lib/python3.12/site-packages/airflow/models/taskinstance.py", line 3158, in _execute_task_with_callbacks
    result = self._execute_task(context, task_orig)
             ^^^^^^^^^^^^^^^^^^^^^^^^^^^^^^^^^^^^^^
  File "/home/airflow/.local/lib/python3.12/site-packages/airflow/models/taskinstance.py", line 3182, in _execute_task
    return _execute_task(self, context, task_orig)
           ^^^^^^^^^^^^^^^^^^^^^^^^^^^^^^^^^^^^^^^
  File "/home/airflow/.local/lib/python3.12/site-packages/airflow/models/taskinstance.py", line 767, in _execute_task
    result = _execute_callable(context=context, **execute_callable_kwargs)
             ^^^^^^^^^^^^^^^^^^^^^^^^^^^^^^^^^^^^^^^^^^^^^^^^^^^^^^^^^^^^^
  File "/home/airflow/.local/lib/python3.12/site-packages/airflow/models/taskinstance.py", line 733, in _execute_callable
    return ExecutionCallableRunner(
           ^^^^^^^^^^^^^^^^^^^^^^^^
  File "/home/airflow/.local/lib/python3.12/site-packages/airflow/utils/operator_helpers.py", line 252, in run
    return self.func(*args, **kwargs)
           ^^^^^^^^^^^^^^^^^^^^^^^^^^
  File "/home/airflow/.local/lib/python3.12/site-packages/airflow/models/baseoperator.py", line 406, in wrapper
    return func(self, *args, **kwargs)
           ^^^^^^^^^^^^^^^^^^^^^^^^^^^
  File "/home/airflow/.local/lib/python3.12/site-packages/airflow/operators/bash.py", line 249, in execute
    raise AirflowException(
airflow.exceptions.AirflowException: Bash command failed. The command returned a non-zero exit code 1.
[2025-11-22T18:34:47.910+0000] {local_task_job_runner.py:266} INFO - Task exited with return code 1
[2025-11-22T18:34:47.918+0000] {taskinstance.py:3900} INFO - 0 downstream tasks scheduled from follow-on schedule check
[2025-11-22T18:34:47.919+0000] {local_task_job_runner.py:245} INFO - ::endgroup::
