[2025-11-21T01:46:58.357+0000] {local_task_job_runner.py:123} INFO - ::group::Pre task execution logs
[2025-11-21T01:46:58.362+0000] {taskinstance.py:2612} INFO - Dependencies all met for dep_context=non-requeueable deps ti=<TaskInstance: yahoo_finance_transactional.extract_and_load scheduled__2025-11-19T02:00:00+00:00 [queued]>
[2025-11-21T01:46:58.364+0000] {taskinstance.py:2612} INFO - Dependencies all met for dep_context=requeueable deps ti=<TaskInstance: yahoo_finance_transactional.extract_and_load scheduled__2025-11-19T02:00:00+00:00 [queued]>
[2025-11-21T01:46:58.365+0000] {taskinstance.py:2865} INFO - Starting attempt 1 of 2
[2025-11-21T01:46:58.368+0000] {taskinstance.py:2888} INFO - Executing <Task(PythonOperator): extract_and_load> on 2025-11-19 02:00:00+00:00
[2025-11-21T01:46:58.371+0000] {logging_mixin.py:190} WARNING - /home/***/.local/lib/python3.12/site-packages/***/task/task_runner/standard_task_runner.py:70 DeprecationWarning: This process (pid=522) is multi-threaded, use of fork() may lead to deadlocks in the child.
[2025-11-21T01:46:58.371+0000] {standard_task_runner.py:72} INFO - Started process 525 to run task
[2025-11-21T01:46:58.371+0000] {standard_task_runner.py:104} INFO - Running: ['***', 'tasks', 'run', 'yahoo_finance_transactional', 'extract_and_load', 'scheduled__2025-11-19T02:00:00+00:00', '--job-id', '5', '--raw', '--subdir', 'DAGS_FOLDER/yahoo_finance_transactional.py', '--cfg-path', '/tmp/tmpah4vv0qb']
[2025-11-21T01:46:58.372+0000] {standard_task_runner.py:105} INFO - Job 5: Subtask extract_and_load
[2025-11-21T01:46:58.387+0000] {task_command.py:467} INFO - Running <TaskInstance: yahoo_finance_transactional.extract_and_load scheduled__2025-11-19T02:00:00+00:00 [running]> on host 1b75444ae0b9
[2025-11-21T01:46:58.410+0000] {taskinstance.py:3131} INFO - Exporting env vars: AIRFLOW_CTX_DAG_OWNER='***' AIRFLOW_CTX_DAG_ID='yahoo_finance_transactional' AIRFLOW_CTX_TASK_ID='extract_and_load' AIRFLOW_CTX_EXECUTION_DATE='2025-11-19T02:00:00+00:00' AIRFLOW_CTX_TRY_NUMBER='1' AIRFLOW_CTX_DAG_RUN_ID='scheduled__2025-11-19T02:00:00+00:00'
[2025-11-21T01:46:58.411+0000] {taskinstance.py:731} INFO - ::endgroup::
[2025-11-21T01:46:58.418+0000] {base.py:84} INFO - Retrieving connection 'snowflake_conn'
[2025-11-21T01:46:58.418+0000] {connection.py:413} INFO - Snowflake Connector for Python Version: 3.12.1, Python Version: 3.12.5, Platform: Linux-6.10.14-linuxkit-aarch64-with-glibc2.36
[2025-11-21T01:46:58.419+0000] {connection.py:1196} INFO - Connecting to GLOBAL Snowflake domain
[2025-11-21T01:46:58.419+0000] {connection.py:1277} INFO - This connection is in OCSP Fail Open Mode. TLS Certificates would be checked for validity and revocation status. Any other Certificate Revocation related exceptions or OCSP Responder failures would be disregarded in favor of connectivity.
[2025-11-21T01:46:58.702+0000] {yahoo_finance_transactional.py:27} INFO - Downloading data for AAPL...
[2025-11-21T01:46:58.705+0000] {logging_mixin.py:190} WARNING - /opt/***/dags/yahoo_finance_transactional.py:29 FutureWarning: YF.download() has changed argument auto_adjust default to True
[2025-11-21T01:47:00.051+0000] {cursor.py:1156} INFO - Number of results in first chunk: 1
[2025-11-21T01:47:00.052+0000] {yahoo_finance_transactional.py:90} ERROR - Transaction failed: name 'pd' is not defined
[2025-11-21T01:47:00.052+0000] {connection.py:788} INFO - closed
[2025-11-21T01:47:00.091+0000] {connection.py:794} INFO - No async queries seem to be running, deleting session
[2025-11-21T01:47:00.166+0000] {taskinstance.py:3310} ERROR - Task failed with exception
Traceback (most recent call last):
  File "/home/airflow/.local/lib/python3.12/site-packages/airflow/models/taskinstance.py", line 767, in _execute_task
    result = _execute_callable(context=context, **execute_callable_kwargs)
             ^^^^^^^^^^^^^^^^^^^^^^^^^^^^^^^^^^^^^^^^^^^^^^^^^^^^^^^^^^^^^
  File "/home/airflow/.local/lib/python3.12/site-packages/airflow/models/taskinstance.py", line 733, in _execute_callable
    return ExecutionCallableRunner(
           ^^^^^^^^^^^^^^^^^^^^^^^^
  File "/home/airflow/.local/lib/python3.12/site-packages/airflow/utils/operator_helpers.py", line 252, in run
    return self.func(*args, **kwargs)
           ^^^^^^^^^^^^^^^^^^^^^^^^^^
  File "/home/airflow/.local/lib/python3.12/site-packages/airflow/models/baseoperator.py", line 406, in wrapper
    return func(self, *args, **kwargs)
           ^^^^^^^^^^^^^^^^^^^^^^^^^^^
  File "/home/airflow/.local/lib/python3.12/site-packages/airflow/operators/python.py", line 238, in execute
    return_value = self.execute_callable()
                   ^^^^^^^^^^^^^^^^^^^^^^^
  File "/home/airflow/.local/lib/python3.12/site-packages/airflow/operators/python.py", line 256, in execute_callable
    return runner.run(*self.op_args, **self.op_kwargs)
           ^^^^^^^^^^^^^^^^^^^^^^^^^^^^^^^^^^^^^^^^^^^
  File "/home/airflow/.local/lib/python3.12/site-packages/airflow/utils/operator_helpers.py", line 252, in run
    return self.func(*args, **kwargs)
           ^^^^^^^^^^^^^^^^^^^^^^^^^^
  File "/opt/airflow/dags/yahoo_finance_transactional.py", line 39, in extract_and_load_transactional
    if isinstance(df.columns, pd.MultiIndex):
                              ^^
NameError: name 'pd' is not defined
[2025-11-21T01:47:00.177+0000] {taskinstance.py:1225} INFO - Marking task as UP_FOR_RETRY. dag_id=yahoo_finance_transactional, task_id=extract_and_load, run_id=scheduled__2025-11-19T02:00:00+00:00, execution_date=20251119T020000, start_date=20251121T014658, end_date=20251121T014700
[2025-11-21T01:47:00.185+0000] {taskinstance.py:340} INFO - ::group::Post task execution logs
[2025-11-21T01:47:00.185+0000] {standard_task_runner.py:124} ERROR - Failed to execute job 5 for task extract_and_load (name 'pd' is not defined; 525)
Traceback (most recent call last):
  File "/home/airflow/.local/lib/python3.12/site-packages/airflow/task/task_runner/standard_task_runner.py", line 117, in _start_by_fork
    ret = args.func(args, dag=self.dag)
          ^^^^^^^^^^^^^^^^^^^^^^^^^^^^^
  File "/home/airflow/.local/lib/python3.12/site-packages/airflow/cli/cli_config.py", line 49, in command
    return func(*args, **kwargs)
           ^^^^^^^^^^^^^^^^^^^^^
  File "/home/airflow/.local/lib/python3.12/site-packages/airflow/utils/cli.py", line 115, in wrapper
    return f(*args, **kwargs)
           ^^^^^^^^^^^^^^^^^^
  File "/home/airflow/.local/lib/python3.12/site-packages/airflow/cli/commands/task_command.py", line 483, in task_run
    task_return_code = _run_task_by_selected_method(args, _dag, ti)
                       ^^^^^^^^^^^^^^^^^^^^^^^^^^^^^^^^^^^^^^^^^^^^
  File "/home/airflow/.local/lib/python3.12/site-packages/airflow/cli/commands/task_command.py", line 256, in _run_task_by_selected_method
    return _run_raw_task(args, ti)
           ^^^^^^^^^^^^^^^^^^^^^^^
  File "/home/airflow/.local/lib/python3.12/site-packages/airflow/cli/commands/task_command.py", line 341, in _run_raw_task
    return ti._run_raw_task(
           ^^^^^^^^^^^^^^^^^
  File "/home/airflow/.local/lib/python3.12/site-packages/airflow/utils/session.py", line 97, in wrapper
    return func(*args, session=session, **kwargs)
           ^^^^^^^^^^^^^^^^^^^^^^^^^^^^^^^^^^^^^^
  File "/home/airflow/.local/lib/python3.12/site-packages/airflow/models/taskinstance.py", line 3004, in _run_raw_task
    return _run_raw_task(
           ^^^^^^^^^^^^^^
  File "/home/airflow/.local/lib/python3.12/site-packages/airflow/models/taskinstance.py", line 273, in _run_raw_task
    TaskInstance._execute_task_with_callbacks(
  File "/home/airflow/.local/lib/python3.12/site-packages/airflow/models/taskinstance.py", line 3158, in _execute_task_with_callbacks
    result = self._execute_task(context, task_orig)
             ^^^^^^^^^^^^^^^^^^^^^^^^^^^^^^^^^^^^^^
  File "/home/airflow/.local/lib/python3.12/site-packages/airflow/models/taskinstance.py", line 3182, in _execute_task
    return _execute_task(self, context, task_orig)
           ^^^^^^^^^^^^^^^^^^^^^^^^^^^^^^^^^^^^^^^
  File "/home/airflow/.local/lib/python3.12/site-packages/airflow/models/taskinstance.py", line 767, in _execute_task
    result = _execute_callable(context=context, **execute_callable_kwargs)
             ^^^^^^^^^^^^^^^^^^^^^^^^^^^^^^^^^^^^^^^^^^^^^^^^^^^^^^^^^^^^^
  File "/home/airflow/.local/lib/python3.12/site-packages/airflow/models/taskinstance.py", line 733, in _execute_callable
    return ExecutionCallableRunner(
           ^^^^^^^^^^^^^^^^^^^^^^^^
  File "/home/airflow/.local/lib/python3.12/site-packages/airflow/utils/operator_helpers.py", line 252, in run
    return self.func(*args, **kwargs)
           ^^^^^^^^^^^^^^^^^^^^^^^^^^
  File "/home/airflow/.local/lib/python3.12/site-packages/airflow/models/baseoperator.py", line 406, in wrapper
    return func(self, *args, **kwargs)
           ^^^^^^^^^^^^^^^^^^^^^^^^^^^
  File "/home/airflow/.local/lib/python3.12/site-packages/airflow/operators/python.py", line 238, in execute
    return_value = self.execute_callable()
                   ^^^^^^^^^^^^^^^^^^^^^^^
  File "/home/airflow/.local/lib/python3.12/site-packages/airflow/operators/python.py", line 256, in execute_callable
    return runner.run(*self.op_args, **self.op_kwargs)
           ^^^^^^^^^^^^^^^^^^^^^^^^^^^^^^^^^^^^^^^^^^^
  File "/home/airflow/.local/lib/python3.12/site-packages/airflow/utils/operator_helpers.py", line 252, in run
    return self.func(*args, **kwargs)
           ^^^^^^^^^^^^^^^^^^^^^^^^^^
  File "/opt/airflow/dags/yahoo_finance_transactional.py", line 39, in extract_and_load_transactional
    if isinstance(df.columns, pd.MultiIndex):
                              ^^
NameError: name 'pd' is not defined
[2025-11-21T01:47:00.224+0000] {local_task_job_runner.py:266} INFO - Task exited with return code 1
[2025-11-21T01:47:00.233+0000] {taskinstance.py:3900} INFO - 0 downstream tasks scheduled from follow-on schedule check
[2025-11-21T01:47:00.234+0000] {local_task_job_runner.py:245} INFO - ::endgroup::
