[2025-12-02T20:51:03.563+0000] {local_task_job_runner.py:123} INFO - ::group::Pre task execution logs
[2025-12-02T20:51:03.569+0000] {taskinstance.py:2612} INFO - Dependencies all met for dep_context=non-requeueable deps ti=<TaskInstance: elt_dbt_downstream.dbt_test_downstream scheduled__2025-11-24T04:00:00+00:00 [queued]>
[2025-12-02T20:51:03.572+0000] {taskinstance.py:2612} INFO - Dependencies all met for dep_context=requeueable deps ti=<TaskInstance: elt_dbt_downstream.dbt_test_downstream scheduled__2025-11-24T04:00:00+00:00 [queued]>
[2025-12-02T20:51:03.572+0000] {taskinstance.py:2865} INFO - Starting attempt 1 of 2
[2025-12-02T20:51:03.576+0000] {taskinstance.py:2888} INFO - Executing <Task(BashOperator): dbt_test_downstream> on 2025-11-24 04:00:00+00:00
[2025-12-02T20:51:03.580+0000] {standard_task_runner.py:104} INFO - Running: ['***', 'tasks', 'run', 'elt_dbt_downstream', 'dbt_test_downstream', 'scheduled__2025-11-24T04:00:00+00:00', '--job-id', '85', '--raw', '--subdir', 'DAGS_FOLDER/elt_dbt_downstream.py', '--cfg-path', '/tmp/tmp1na89xe8']
[2025-12-02T20:51:03.581+0000] {standard_task_runner.py:105} INFO - Job 85: Subtask dbt_test_downstream
[2025-12-02T20:51:03.582+0000] {logging_mixin.py:190} WARNING - /home/***/.local/lib/python3.12/site-packages/***/task/task_runner/standard_task_runner.py:70 DeprecationWarning: This process (pid=755) is multi-threaded, use of fork() may lead to deadlocks in the child.
[2025-12-02T20:51:03.583+0000] {standard_task_runner.py:72} INFO - Started process 756 to run task
[2025-12-02T20:51:03.599+0000] {task_command.py:467} INFO - Running <TaskInstance: elt_dbt_downstream.dbt_test_downstream scheduled__2025-11-24T04:00:00+00:00 [running]> on host 2e122a66e6c3
[2025-12-02T20:51:03.627+0000] {taskinstance.py:3131} INFO - Exporting env vars: AIRFLOW_CTX_DAG_OWNER='***' AIRFLOW_CTX_DAG_ID='elt_dbt_downstream' AIRFLOW_CTX_TASK_ID='dbt_test_downstream' AIRFLOW_CTX_EXECUTION_DATE='2025-11-24T04:00:00+00:00' AIRFLOW_CTX_TRY_NUMBER='1' AIRFLOW_CTX_DAG_RUN_ID='scheduled__2025-11-24T04:00:00+00:00'
[2025-12-02T20:51:03.628+0000] {taskinstance.py:731} INFO - ::endgroup::
[2025-12-02T20:51:03.633+0000] {subprocess.py:63} INFO - Tmp dir root location: /tmp
[2025-12-02T20:51:03.633+0000] {subprocess.py:75} INFO - Running command: ['/usr/bin/bash', '-c', 'set -euo pipefail;cd /opt/***/dbt/stock_analytics && dbt test --select mart_forecast_combined mart_risk_reward_scatter mart_market_regime --profiles-dir /opt/***/dbt']
[2025-12-02T20:51:03.636+0000] {subprocess.py:86} INFO - Output:
[2025-12-02T20:51:04.490+0000] {subprocess.py:93} INFO - [0m20:51:04  Running with dbt=1.11.0-rc1
[2025-12-02T20:51:04.666+0000] {subprocess.py:93} INFO - [0m20:51:04  Registered adapter: snowflake=1.10.3
[2025-12-02T20:51:04.926+0000] {subprocess.py:93} INFO - [0m20:51:04  Found 6 models, 27 data tests, 1 seed, 2 sources, 504 macros
[2025-12-02T20:51:04.927+0000] {subprocess.py:93} INFO - [0m20:51:04
[2025-12-02T20:51:04.927+0000] {subprocess.py:93} INFO - [0m20:51:04  Concurrency: 4 threads (target='dev')
[2025-12-02T20:51:04.928+0000] {subprocess.py:93} INFO - [0m20:51:04
[2025-12-02T20:51:05.439+0000] {subprocess.py:93} INFO - [0m20:51:05  1 of 13 START test accepted_values_mart_forecast_combined_type__history__forecast  [RUN]
[2025-12-02T20:51:05.440+0000] {subprocess.py:93} INFO - [0m20:51:05  2 of 13 START test not_null_mart_forecast_combined_date ........................ [RUN]
[2025-12-02T20:51:05.440+0000] {subprocess.py:93} INFO - [0m20:51:05  3 of 13 START test not_null_mart_forecast_combined_symbol ...................... [RUN]
[2025-12-02T20:51:05.441+0000] {subprocess.py:93} INFO - [0m20:51:05  4 of 13 START test not_null_mart_forecast_combined_type ........................ [RUN]
[2025-12-02T20:51:05.682+0000] {subprocess.py:93} INFO - [0m20:51:05  3 of 13 PASS not_null_mart_forecast_combined_symbol ............................ [[32mPASS[0m in 0.24s]
[2025-12-02T20:51:05.683+0000] {subprocess.py:93} INFO - [0m20:51:05  5 of 13 START test not_null_mart_market_regime_date ............................ [RUN]
[2025-12-02T20:51:05.693+0000] {subprocess.py:93} INFO - [0m20:51:05  4 of 13 PASS not_null_mart_forecast_combined_type .............................. [[32mPASS[0m in 0.25s]
[2025-12-02T20:51:05.693+0000] {subprocess.py:93} INFO - [0m20:51:05  6 of 13 START test not_null_mart_market_regime_sentiment_spread ................ [RUN]
[2025-12-02T20:51:05.717+0000] {subprocess.py:93} INFO - [0m20:51:05  1 of 13 PASS accepted_values_mart_forecast_combined_type__history__forecast .... [[32mPASS[0m in 0.28s]
[2025-12-02T20:51:05.718+0000] {subprocess.py:93} INFO - [0m20:51:05  7 of 13 START test not_null_mart_risk_reward_scatter_avg_risk_beta ............. [RUN]
[2025-12-02T20:51:05.867+0000] {subprocess.py:93} INFO - [0m20:51:05  6 of 13 PASS not_null_mart_market_regime_sentiment_spread ...................... [[32mPASS[0m in 0.17s]
[2025-12-02T20:51:05.869+0000] {subprocess.py:93} INFO - [0m20:51:05  8 of 13 START test not_null_mart_risk_reward_scatter_sector_name ............... [RUN]
[2025-12-02T20:51:05.890+0000] {subprocess.py:93} INFO - [0m20:51:05  5 of 13 PASS not_null_mart_market_regime_date .................................. [[32mPASS[0m in 0.21s]
[2025-12-02T20:51:05.892+0000] {subprocess.py:93} INFO - [0m20:51:05  9 of 13 START test not_null_mart_risk_reward_scatter_symbol .................... [RUN]
[2025-12-02T20:51:05.949+0000] {subprocess.py:93} INFO - [0m20:51:05  7 of 13 PASS not_null_mart_risk_reward_scatter_avg_risk_beta ................... [[32mPASS[0m in 0.23s]
[2025-12-02T20:51:05.950+0000] {subprocess.py:93} INFO - [0m20:51:05  10 of 13 START test not_null_mart_risk_reward_scatter_total_return_pct ......... [RUN]
[2025-12-02T20:51:06.061+0000] {subprocess.py:93} INFO - [0m20:51:06  2 of 13 PASS not_null_mart_forecast_combined_date .............................. [[32mPASS[0m in 0.62s]
[2025-12-02T20:51:06.062+0000] {subprocess.py:93} INFO - [0m20:51:06  11 of 13 START test unique_mart_forecast_combined__symbol_date_ ................ [RUN]
[2025-12-02T20:51:06.141+0000] {subprocess.py:93} INFO - [0m20:51:06  10 of 13 PASS not_null_mart_risk_reward_scatter_total_return_pct ............... [[32mPASS[0m in 0.19s]
[2025-12-02T20:51:06.143+0000] {subprocess.py:93} INFO - [0m20:51:06  12 of 13 START test unique_mart_market_regime_date ............................. [RUN]
[2025-12-02T20:51:06.517+0000] {subprocess.py:93} INFO - [0m20:51:06  11 of 13 FAIL 66 unique_mart_forecast_combined__symbol_date_ ................... [[31mFAIL 66[0m in 0.45s]
[2025-12-02T20:51:06.520+0000] {subprocess.py:93} INFO - [0m20:51:06  12 of 13 PASS unique_mart_market_regime_date ................................... [[32mPASS[0m in 0.38s]
[2025-12-02T20:51:06.524+0000] {subprocess.py:93} INFO - [0m20:51:06  8 of 13 PASS not_null_mart_risk_reward_scatter_sector_name ..................... [[32mPASS[0m in 0.65s]
[2025-12-02T20:51:06.527+0000] {subprocess.py:93} INFO - [0m20:51:06  9 of 13 PASS not_null_mart_risk_reward_scatter_symbol .......................... [[32mPASS[0m in 0.63s]
[2025-12-02T20:51:06.532+0000] {subprocess.py:93} INFO - [0m20:51:06  13 of 13 START test unique_mart_risk_reward_scatter_symbol ..................... [RUN]
[2025-12-02T20:51:07.200+0000] {subprocess.py:93} INFO - [0m20:51:07  13 of 13 PASS unique_mart_risk_reward_scatter_symbol ........................... [[32mPASS[0m in 0.67s]
[2025-12-02T20:51:07.830+0000] {subprocess.py:93} INFO - [0m20:51:07
[2025-12-02T20:51:07.832+0000] {subprocess.py:93} INFO - [0m20:51:07  Finished running 13 data tests in 0 hours 0 minutes and 2.90 seconds (2.90s).
[2025-12-02T20:51:07.881+0000] {subprocess.py:93} INFO - [0m20:51:07
[2025-12-02T20:51:07.882+0000] {subprocess.py:93} INFO - [0m20:51:07  [31mCompleted with 1 error, 0 partial successes, and 0 warnings:[0m
[2025-12-02T20:51:07.882+0000] {subprocess.py:93} INFO - [0m20:51:07
[2025-12-02T20:51:07.882+0000] {subprocess.py:93} INFO - [0m20:51:07  [31mFailure in test unique_mart_forecast_combined__symbol_date_ (models/marts/mart_forecast_combined.yml)[0m
[2025-12-02T20:51:07.883+0000] {subprocess.py:93} INFO - [0m20:51:07    Got 66 results, configured to fail if != 0
[2025-12-02T20:51:07.883+0000] {subprocess.py:93} INFO - [0m20:51:07
[2025-12-02T20:51:07.883+0000] {subprocess.py:93} INFO - [0m20:51:07    compiled code at target/compiled/stock_analytics/models/marts/mart_forecast_combined.yml/unique_mart_forecast_combined__symbol_date_.sql
[2025-12-02T20:51:07.883+0000] {subprocess.py:93} INFO - [0m20:51:07
[2025-12-02T20:51:07.883+0000] {subprocess.py:93} INFO - [0m20:51:07  Done. PASS=12 WARN=0 ERROR=1 SKIP=0 NO-OP=0 TOTAL=13
[2025-12-02T20:51:08.415+0000] {subprocess.py:97} INFO - Command exited with return code 1
[2025-12-02T20:51:08.421+0000] {taskinstance.py:3310} ERROR - Task failed with exception
Traceback (most recent call last):
  File "/home/airflow/.local/lib/python3.12/site-packages/airflow/models/taskinstance.py", line 767, in _execute_task
    result = _execute_callable(context=context, **execute_callable_kwargs)
             ^^^^^^^^^^^^^^^^^^^^^^^^^^^^^^^^^^^^^^^^^^^^^^^^^^^^^^^^^^^^^
  File "/home/airflow/.local/lib/python3.12/site-packages/airflow/models/taskinstance.py", line 733, in _execute_callable
    return ExecutionCallableRunner(
           ^^^^^^^^^^^^^^^^^^^^^^^^
  File "/home/airflow/.local/lib/python3.12/site-packages/airflow/utils/operator_helpers.py", line 252, in run
    return self.func(*args, **kwargs)
           ^^^^^^^^^^^^^^^^^^^^^^^^^^
  File "/home/airflow/.local/lib/python3.12/site-packages/airflow/models/baseoperator.py", line 406, in wrapper
    return func(self, *args, **kwargs)
           ^^^^^^^^^^^^^^^^^^^^^^^^^^^
  File "/home/airflow/.local/lib/python3.12/site-packages/airflow/operators/bash.py", line 249, in execute
    raise AirflowException(
airflow.exceptions.AirflowException: Bash command failed. The command returned a non-zero exit code 1.
[2025-12-02T20:51:08.426+0000] {taskinstance.py:1225} INFO - Marking task as UP_FOR_RETRY. dag_id=elt_dbt_downstream, task_id=dbt_test_downstream, run_id=scheduled__2025-11-24T04:00:00+00:00, execution_date=20251124T040000, start_date=20251202T205103, end_date=20251202T205108
[2025-12-02T20:51:08.433+0000] {taskinstance.py:340} INFO - ::group::Post task execution logs
[2025-12-02T20:51:08.433+0000] {standard_task_runner.py:124} ERROR - Failed to execute job 85 for task dbt_test_downstream (Bash command failed. The command returned a non-zero exit code 1.; 756)
Traceback (most recent call last):
  File "/home/airflow/.local/lib/python3.12/site-packages/airflow/task/task_runner/standard_task_runner.py", line 117, in _start_by_fork
    ret = args.func(args, dag=self.dag)
          ^^^^^^^^^^^^^^^^^^^^^^^^^^^^^
  File "/home/airflow/.local/lib/python3.12/site-packages/airflow/cli/cli_config.py", line 49, in command
    return func(*args, **kwargs)
           ^^^^^^^^^^^^^^^^^^^^^
  File "/home/airflow/.local/lib/python3.12/site-packages/airflow/utils/cli.py", line 115, in wrapper
    return f(*args, **kwargs)
           ^^^^^^^^^^^^^^^^^^
  File "/home/airflow/.local/lib/python3.12/site-packages/airflow/cli/commands/task_command.py", line 483, in task_run
    task_return_code = _run_task_by_selected_method(args, _dag, ti)
                       ^^^^^^^^^^^^^^^^^^^^^^^^^^^^^^^^^^^^^^^^^^^^
  File "/home/airflow/.local/lib/python3.12/site-packages/airflow/cli/commands/task_command.py", line 256, in _run_task_by_selected_method
    return _run_raw_task(args, ti)
           ^^^^^^^^^^^^^^^^^^^^^^^
  File "/home/airflow/.local/lib/python3.12/site-packages/airflow/cli/commands/task_command.py", line 341, in _run_raw_task
    return ti._run_raw_task(
           ^^^^^^^^^^^^^^^^^
  File "/home/airflow/.local/lib/python3.12/site-packages/airflow/utils/session.py", line 97, in wrapper
    return func(*args, session=session, **kwargs)
           ^^^^^^^^^^^^^^^^^^^^^^^^^^^^^^^^^^^^^^
  File "/home/airflow/.local/lib/python3.12/site-packages/airflow/models/taskinstance.py", line 3004, in _run_raw_task
    return _run_raw_task(
           ^^^^^^^^^^^^^^
  File "/home/airflow/.local/lib/python3.12/site-packages/airflow/models/taskinstance.py", line 273, in _run_raw_task
    TaskInstance._execute_task_with_callbacks(
  File "/home/airflow/.local/lib/python3.12/site-packages/airflow/models/taskinstance.py", line 3158, in _execute_task_with_callbacks
    result = self._execute_task(context, task_orig)
             ^^^^^^^^^^^^^^^^^^^^^^^^^^^^^^^^^^^^^^
  File "/home/airflow/.local/lib/python3.12/site-packages/airflow/models/taskinstance.py", line 3182, in _execute_task
    return _execute_task(self, context, task_orig)
           ^^^^^^^^^^^^^^^^^^^^^^^^^^^^^^^^^^^^^^^
  File "/home/airflow/.local/lib/python3.12/site-packages/airflow/models/taskinstance.py", line 767, in _execute_task
    result = _execute_callable(context=context, **execute_callable_kwargs)
             ^^^^^^^^^^^^^^^^^^^^^^^^^^^^^^^^^^^^^^^^^^^^^^^^^^^^^^^^^^^^^
  File "/home/airflow/.local/lib/python3.12/site-packages/airflow/models/taskinstance.py", line 733, in _execute_callable
    return ExecutionCallableRunner(
           ^^^^^^^^^^^^^^^^^^^^^^^^
  File "/home/airflow/.local/lib/python3.12/site-packages/airflow/utils/operator_helpers.py", line 252, in run
    return self.func(*args, **kwargs)
           ^^^^^^^^^^^^^^^^^^^^^^^^^^
  File "/home/airflow/.local/lib/python3.12/site-packages/airflow/models/baseoperator.py", line 406, in wrapper
    return func(self, *args, **kwargs)
           ^^^^^^^^^^^^^^^^^^^^^^^^^^^
  File "/home/airflow/.local/lib/python3.12/site-packages/airflow/operators/bash.py", line 249, in execute
    raise AirflowException(
airflow.exceptions.AirflowException: Bash command failed. The command returned a non-zero exit code 1.
[2025-12-02T20:51:08.439+0000] {local_task_job_runner.py:266} INFO - Task exited with return code 1
[2025-12-02T20:51:08.445+0000] {taskinstance.py:3900} INFO - 0 downstream tasks scheduled from follow-on schedule check
[2025-12-02T20:51:08.446+0000] {local_task_job_runner.py:245} INFO - ::endgroup::
